{"meta": {"format": 3, "version": "7.15.2", "timestamp": "2026-07-26T23:13:28.251917", "branch_coverage": false, "show_contexts": false}, "files": {"fusion_model_hub/__init__.py": {"executed_lines": [7, 8, 9, 10, 11, 12, 14], "summary": {"covered_lines": 7, "num_statements": 7, "percent_covered": 100.0, "percent_covered_display": "100", "missing_lines": 0, "excluded_lines": 0, "percent_statements_covered": 100.0, "percent_statements_covered_display": "100"}, "missing_lines": [], "excluded_lines": [], "functions": {"": {"executed_lines": [7, 8, 9, 10, 11, 12, 14], "summary": {"covered_lines": 7, "num_statements": 7, "percent_covered": 100.0, "percent_covered_display": "100", "missing_lines": 0, "excluded_lines": 0, "percent_statements_covered": 100.0, "percent_statements_covered_display": "100"}, "missing_lines": [], "excluded_lines": [], "start_line": 1}}, "classes": {"": {"executed_lines": [7, 8, 9, 10, 11, 12, 14], "summary": {"covered_lines": 7, "num_statements": 7, "percent_covered": 100.0, "percent_covered_display": "100", "missing_lines": 0, "excluded_lines": 0, "percent_statements_covered": 100.0, "percent_statements_covered_display": "100"}, "missing_lines": [], "excluded_lines": [], "start_line": 1}}}, "fusion_model_hub/api/__init__.py": {"executed_lines": [], "summary": {"covered_lines": 0, "num_statements": 0, "percent_covered": 100.0, "percent_covered_display": "100", "missing_lines": 0, "excluded_lines": 0, "percent_statements_covered": 100.0, "percent_statements_covered_display": "100"}, "missing_lines": [], "excluded_lines": [], "functions": {"": {"executed_lines": [], "summary": {"covered_lines": 0, "num_statements": 0, "percent_covered": 100.0, "percent_covered_display": "100", "missing_lines": 0, "excluded_lines": 0, "percent_statements_covered": 100.0, "percent_statements_covered_display": "100"}, "missing_lines": [], "excluded_lines": [], "start_line": 1}}, "classes": {"": {"executed_lines": [], "summary": {"covered_lines": 0, "num_statements": 0, "percent_covered": 100.0, "percent_covered_display": "100", "missing_lines": 0, "excluded_lines": 0, "percent_statements_covered": 100.0, "percent_statements_covered_display": "100"}, "missing_lines": [], "excluded_lines": [], "start_line": 1}}}, "fusion_model_hub/api/base_binding.py": {"executed_lines": [6, 8, 9, 11, 13, 16, 23, 24, 26, 32, 33, 34, 35, 36, 37, 43, 44, 47, 48, 49, 51, 53, 62, 63, 64, 71, 73, 74, 75, 76, 77, 83, 84, 85, 87, 88, 90], "summary": {"covered_lines": 37, "num_statements": 40, "percent_covered": 92.5, "percent_covered_display": "92", "missing_lines": 3, "excluded_lines": 0, "percent_statements_covered": 92.5, "percent_statements_covered_display": "92"}, "missing_lines": [66, 67, 69], "excluded_lines": [], "functions": {"FusionMLXBase.__init__": {"executed_lines": [24], "summary": {"covered_lines": 1, "num_statements": 1, "percent_covered": 100.0, "percent_covered_display": "100", "missing_lines": 0, "excluded_lines": 0, "percent_statements_covered": 100.0, "percent_statements_covered_display": "100"}, "missing_lines": [], "excluded_lines": [], "start_line": 23}, "FusionMLXBase.detect": {"executed_lines": [32, 33, 34, 35, 36, 37, 43, 44, 47, 48, 49, 51], "summary": {"covered_lines": 12, "num_statements": 12, "percent_covered": 100.0, "percent_covered_display": "100", "missing_lines": 0, "excluded_lines": 0, "percent_statements_covered": 100.0, "percent_statements_covered_display": "100"}, "missing_lines": [], "excluded_lines": [], "start_line": 26}, "FusionMLXBase.check_compatibility": {"executed_lines": [62, 63, 64], "summary": {"covered_lines": 3, "num_statements": 6, "percent_covered": 50.0, "percent_covered_display": "50", "missing_lines": 3, "excluded_lines": 0, "percent_statements_covered": 50.0, "percent_statements_covered_display": "50"}, "missing_lines": [66, 67, 69], "excluded_lines": [], "start_line": 53}, "FusionMLXBase.get_capabilities": {"executed_lines": [73, 74, 75, 76, 77, 83, 84, 85], "summary": {"covered_lines": 8, "num_statements": 8, "percent_covered": 100.0, "percent_covered_display": "100", "missing_lines": 0, "excluded_lines": 0, "percent_statements_covered": 100.0, "percent_statements_covered_display": "100"}, "missing_lines": [], "excluded_lines": [], "start_line": 71}, "FusionMLXBase._extract_version": {"executed_lines": [90], "summary": {"covered_lines": 1, "num_statements": 1, "percent_covered": 100.0, "percent_covered_display": "100", "missing_lines": 0, "excluded_lines": 0, "percent_statements_covered": 100.0, "percent_statements_covered_display": "100"}, "missing_lines": [], "excluded_lines": [], "start_line": 88}, "": {"executed_lines": [6, 8, 9, 11, 13, 16, 23, 26, 53, 71, 87, 88], "summary": {"covered_lines": 12, "num_statements": 12, "percent_covered": 100.0, "percent_covered_display": "100", "missing_lines": 0, "excluded_lines": 0, "percent_statements_covered": 100.0, "percent_statements_covered_display": "100"}, "missing_lines": [], "excluded_lines": [], "start_line": 1}}, "classes": {"FusionMLXBase": {"executed_lines": [24, 32, 33, 34, 35, 36, 37, 43, 44, 47, 48, 49, 51, 62, 63, 64, 73, 74, 75, 76, 77, 83, 84, 85, 90], "summary": {"covered_lines": 25, "num_statements": 28, "percent_covered": 89.28571428571429, "percent_covered_display": "89", "missing_lines": 3, "excluded_lines": 0, "percent_statements_covered": 89.28571428571429, "percent_statements_covered_display": "89"}, "missing_lines": [66, 67, 69], "excluded_lines": [], "start_line": 16}, "": {"executed_lines": [6, 8, 9, 11, 13, 16, 23, 26, 53, 71, 87, 88], "summary": {"covered_lines": 12, "num_statements": 12, "percent_covered": 100.0, "percent_covered_display": "100", "missing_lines": 0, "excluded_lines": 0, "percent_statements_covered": 100.0, "percent_statements_covered_display": "100"}, "missing_lines": [], "excluded_lines": [], "start_line": 1}}}, "fusion_model_hub/convert/__init__.py": {"executed_lines": [], "summary": {"covered_lines": 0, "num_statements": 0, "percent_covered": 100.0, "percent_covered_display": "100", "missing_lines": 0, "excluded_lines": 0, "percent_statements_covered": 100.0, "percent_statements_covered_display": "100"}, "missing_lines": [], "excluded_lines": [], "functions": {"": {"executed_lines": [], "summary": {"covered_lines": 0, "num_statements": 0, "percent_covered": 100.0, "percent_covered_display": "100", "missing_lines": 0, "excluded_lines": 0, "percent_statements_covered": 100.0, "percent_statements_covered_display": "100"}, "missing_lines": [], "excluded_lines": [], "start_line": 1}}, "classes": {"": {"executed_lines": [], "summary": {"covered_lines": 0, "num_statements": 0, "percent_covered": 100.0, "percent_covered_display": "100", "missing_lines": 0, "excluded_lines": 0, "percent_statements_covered": 100.0, "percent_statements_covered_display": "100"}, "missing_lines": [], "excluded_lines": [], "start_line": 1}}}, "fusion_model_hub/convert/converter.py": {"executed_lines": [6, 8, 9, 10, 12, 14, 17, 23, 24, 26, 43, 46, 55, 56, 59, 60, 62, 63, 64, 65, 66, 67, 77, 78, 82, 85, 94, 96, 97, 98, 100, 101, 102, 103, 108, 109, 110, 120, 121, 123, 124, 125, 127, 128, 137], "summary": {"covered_lines": 45, "num_statements": 50, "percent_covered": 90.0, "percent_covered_display": "90", "missing_lines": 5, "excluded_lines": 0, "percent_statements_covered": 90.0, "percent_statements_covered_display": "90"}, "missing_lines": [79, 80, 117, 118, 126], "excluded_lines": [], "functions": {"ModelConverter.__init__": {"executed_lines": [24], "summary": {"covered_lines": 1, "num_statements": 1, "percent_covered": 100.0, "percent_covered_display": "100", "missing_lines": 0, "excluded_lines": 0, "percent_statements_covered": 100.0, "percent_statements_covered_display": "100"}, "missing_lines": [], "excluded_lines": [], "start_line": 23}, "ModelConverter.convert": {"executed_lines": [43, 46, 55, 56, 59, 60, 62, 63, 64, 65, 66, 67, 77, 78], "summary": {"covered_lines": 14, "num_statements": 16, "percent_covered": 87.5, "percent_covered_display": "88", "missing_lines": 2, "excluded_lines": 0, "percent_statements_covered": 87.5, "percent_statements_covered_display": "88"}, "missing_lines": [79, 80], "excluded_lines": [], "start_line": 26}, "ModelConverter.convert_from_hf": {"executed_lines": [85], "summary": {"covered_lines": 1, "num_statements": 1, "percent_covered": 100.0, "percent_covered_display": "100", "missing_lines": 0, "excluded_lines": 0, "percent_statements_covered": 100.0, "percent_statements_covered_display": "100"}, "missing_lines": [], "excluded_lines": [], "start_line": 82}, "ModelConverter.quantize": {"executed_lines": [96, 97, 98, 100, 101, 102, 103, 108, 109, 110], "summary": {"covered_lines": 10, "num_statements": 12, "percent_covered": 83.33333333333333, "percent_covered_display": "83", "missing_lines": 2, "excluded_lines": 0, "percent_statements_covered": 83.33333333333333, "percent_statements_covered_display": "83"}, "missing_lines": [117, 118], "excluded_lines": [], "start_line": 94}, "ModelConverter._detect_format": {"executed_lines": [123, 124, 125, 127, 128, 137], "summary": {"covered_lines": 6, "num_statements": 7, "percent_covered": 85.71428571428571, "percent_covered_display": "86", "missing_lines": 1, "excluded_lines": 0, "percent_statements_covered": 85.71428571428571, "percent_statements_covered_display": "86"}, "missing_lines": [126], "excluded_lines": [], "start_line": 121}, "": {"executed_lines": [6, 8, 9, 10, 12, 14, 17, 23, 26, 82, 94, 120, 121], "summary": {"covered_lines": 13, "num_statements": 13, "percent_covered": 100.0, "percent_covered_display": "100", "missing_lines": 0, "excluded_lines": 0, "percent_statements_covered": 100.0, "percent_statements_covered_display": "100"}, "missing_lines": [], "excluded_lines": [], "start_line": 1}}, "classes": {"ModelConverter": {"executed_lines": [24, 43, 46, 55, 56, 59, 60, 62, 63, 64, 65, 66, 67, 77, 78, 85, 96, 97, 98, 100, 101, 102, 103, 108, 109, 110, 123, 124, 125, 127, 128, 137], "summary": {"covered_lines": 32, "num_statements": 37, "percent_covered": 86.48648648648648, "percent_covered_display": "86", "missing_lines": 5, "excluded_lines": 0, "percent_statements_covered": 86.48648648648648, "percent_statements_covered_display": "86"}, "missing_lines": [79, 80, 117, 118, 126], "excluded_lines": [], "start_line": 17}, "": {"executed_lines": [6, 8, 9, 10, 12, 14, 17, 23, 26, 82, 94, 120, 121], "summary": {"covered_lines": 13, "num_statements": 13, "percent_covered": 100.0, "percent_covered_display": "100", "missing_lines": 0, "excluded_lines": 0, "percent_statements_covered": 100.0, "percent_statements_covered_display": "100"}, "missing_lines": [], "excluded_lines": [], "start_line": 1}}}, "fusion_model_hub/db/__init__.py": {"executed_lines": [1, 2, 4], "summary": {"covered_lines": 3, "num_statements": 3, "percent_covered": 100.0, "percent_covered_display": "100", "missing_lines": 0, "excluded_lines": 0, "percent_statements_covered": 100.0, "percent_statements_covered_display": "100"}, "missing_lines": [], "excluded_lines": [], "functions": {"": {"executed_lines": [1, 2, 4], "summary": {"covered_lines": 3, "num_statements": 3, "percent_covered": 100.0, "percent_covered_display": "100", "missing_lines": 0, "excluded_lines": 0, "percent_statements_covered": 100.0, "percent_statements_covered_display": "100"}, "missing_lines": [], "excluded_lines": [], "start_line": 1}}, "classes": {"": {"executed_lines": [1, 2, 4], "summary": {"covered_lines": 3, "num_statements": 3, "percent_covered": 100.0, "percent_covered_display": "100", "missing_lines": 0, "excluded_lines": 0, "percent_statements_covered": 100.0, "percent_statements_covered_display": "100"}, "missing_lines": [], "excluded_lines": [], "start_line": 1}}}, "fusion_model_hub/db/crud.py": {"executed_lines": [1, 2, 3, 4, 6, 7, 9, 38, 40, 43, 59, 65, 66, 67, 68, 69, 72, 73, 74, 77, 78, 79, 82, 92, 93, 94, 96, 97, 98, 99, 100, 101, 106, 107, 108, 109, 110, 111, 112, 113, 115, 116, 117, 118, 119, 122, 128, 129, 130, 132, 133, 134, 135, 136, 137, 138, 141, 142, 143, 145, 146, 147, 148, 151, 152, 155, 160, 172, 173, 175, 181, 182, 183, 184, 185, 188, 189, 190, 193, 202, 203, 204, 206, 209, 210, 211, 213, 214, 215, 216, 217, 220, 228, 235, 236, 239, 240, 243, 244, 245, 246, 251, 255, 258, 259, 261, 262, 263, 266, 267, 268, 269, 270, 271, 272, 275, 283, 284, 285, 286, 287, 288, 289, 290, 291, 292, 297, 298, 299, 300, 301, 302, 303, 304, 305, 306, 307, 308, 313, 321, 327, 328, 329, 330, 331, 334, 335, 336, 339, 346, 347, 348, 349, 350, 351, 352, 353, 354, 355, 356, 359, 362, 367, 368, 369, 370, 371, 372, 373, 374, 375, 376, 382, 383, 386, 387, 388, 389, 390, 391, 394, 402, 403, 404, 408, 409, 410, 411, 412, 415, 416, 417, 420, 421, 422, 425, 426, 427, 430, 431, 432, 433, 434, 435, 438, 439, 440, 442, 443, 444, 445, 446, 449, 450, 451, 453, 454, 455, 456, 461, 471, 476, 477, 478, 479, 482, 491, 492, 493, 494, 497, 498, 499, 500, 501, 502, 503, 504, 505, 506, 507, 512, 518, 519, 520, 521, 522, 523, 526, 527, 528, 531, 532, 533, 536, 537, 538, 541, 542, 543, 545, 546, 547, 548, 553, 562, 563, 564, 565, 566, 567, 570, 571, 572, 575, 576, 577, 578, 579, 580, 583, 584, 585, 586, 587, 588, 589, 590, 595, 604, 608, 609, 610, 611, 612, 615, 616, 617, 620, 626, 627, 628, 629, 630, 631, 632, 633, 634, 637, 640, 641, 642, 643, 644, 645, 646, 647, 648, 649, 650, 653, 654, 655, 656, 657, 658, 659, 660, 665, 672, 673, 674, 675, 676, 677, 680, 681, 682, 685, 686, 687, 690, 691, 692, 694, 695, 696, 697, 702, 710, 714, 715, 716, 717, 718, 721, 722, 723, 726, 736, 737, 738, 739, 740, 741, 742, 743, 744, 745, 746, 747, 748, 749, 750, 751, 752, 753, 754, 755, 758, 761, 762, 763, 764, 765, 766, 767, 768, 769, 770, 771, 774, 775, 776, 777, 778, 779, 780, 781, 786, 789, 793, 794, 795, 796, 797, 798, 801, 802, 803, 806, 810, 811, 812, 815, 818, 821, 822, 823, 824, 827, 828, 829, 830, 832, 833, 834, 835, 836, 837, 842, 846, 850, 851, 852, 853, 854, 857, 858, 859, 862, 865, 866, 867, 868, 870, 871, 876, 879, 883, 887, 888, 889, 890, 891, 894, 895, 896, 899, 903, 904, 905, 908, 911, 914, 915, 916, 917, 920, 921, 922, 923, 925, 926, 927, 928, 929, 930, 935, 938, 942, 946, 947, 948, 949, 950, 953, 954, 955, 958, 961, 962, 963, 964, 965, 966, 967, 968, 969, 972, 973, 974, 975, 977, 978, 979, 980, 981, 982, 987, 990, 994, 995, 996, 997, 998, 999, 1002, 1003, 1004, 1007, 1008, 1009, 1010, 1011, 1012, 1013, 1014, 1015, 1016, 1017, 1022, 1025, 1026, 1027, 1028, 1029, 1030, 1033, 1034, 1035, 1036, 1037, 1038, 1039, 1040, 1043, 1044, 1045, 1046, 1047, 1048, 1049, 1050, 1055, 1059, 1060, 1061, 1062, 1063, 1064, 1067, 1068, 1069, 1072, 1076, 1077, 1078, 1079, 1080, 1081, 1082, 1085, 1086, 1087, 1088, 1091, 1092, 1093, 1094, 1095, 1096, 1097, 1098, 1101, 1102, 1105, 1106, 1111, 1114, 1115, 1116, 1117, 1118, 1119, 1122, 1126, 1127, 1128, 1129, 1132, 1133, 1134, 1135, 1136, 1137, 1138, 1141, 1142, 1143, 1144, 1145, 1146, 1147, 1148, 1149, 1152, 1153, 1158, 1163, 1166, 1170, 1174, 1175, 1176, 1177, 1178, 1181, 1182, 1183, 1186, 1189, 1190, 1191, 1192, 1193, 1194, 1195, 1198, 1199, 1200, 1201, 1202, 1203, 1204, 1205, 1206, 1207, 1208, 1211, 1212, 1213, 1214, 1215, 1216, 1217, 1218], "summary": {"covered_lines": 657, "num_statements": 689, "percent_covered": 95.355587808418, "percent_covered_display": "95", "missing_lines": 32, "excluded_lines": 0, "percent_statements_covered": 95.355587808418, "percent_statements_covered_display": "95"}, "missing_lines": [131, 144, 174, 207, 208, 260, 441, 452, 495, 496, 544, 693, 813, 814, 816, 817, 819, 820, 831, 869, 906, 907, 909, 910, 912, 913, 924, 976, 1083, 1084, 1130, 1131], "excluded_lines": [], "functions": {"create_model": {"executed_lines": [59, 65, 66, 67, 68, 69], "summary": {"covered_lines": 6, "num_statements": 6, "percent_covered": 100.0, "percent_covered_display": "100", "missing_lines": 0, "excluded_lines": 0, "percent_statements_covered": 100.0, "percent_statements_covered_display": "100"}, "missing_lines": [], "excluded_lines": [], "start_line": 43}, "get_model": {"executed_lines": [73, 74], "summary": {"covered_lines": 2, "num_statements": 2, "percent_covered": 100.0, "percent_covered_display": "100", "missing_lines": 0, "excluded_lines": 0, "percent_statements_covered": 100.0, "percent_statements_covered_display": "100"}, "missing_lines": [], "excluded_lines": [], "start_line": 72}, "get_model_by_name": {"executed_lines": [78, 79], "summary": {"covered_lines": 2, "num_statements": 2, "percent_covered": 100.0, "percent_covered_display": "100", "missing_lines": 0, "excluded_lines": 0, "percent_statements_covered": 100.0, "percent_statements_covered_display": "100"}, "missing_lines": [], "excluded_lines": [], "start_line": 77}, "list_models": {"executed_lines": [92, 93, 94, 96, 97, 98, 99, 100, 101, 106, 107, 108, 109, 110, 111, 112, 113, 115, 116, 117, 118, 119], "summary": {"covered_lines": 22, "num_statements": 22, "percent_covered": 100.0, "percent_covered_display": "100", "missing_lines": 0, "excluded_lines": 0, "percent_statements_covered": 100.0, "percent_statements_covered_display": "100"}, "missing_lines": [], "excluded_lines": [], "start_line": 82}, "update_model": {"executed_lines": [129, 130, 132, 133, 134, 135, 136, 137, 138], "summary": {"covered_lines": 9, "num_statements": 10, "percent_covered": 90.0, "percent_covered_display": "90", "missing_lines": 1, "excluded_lines": 0, "percent_statements_covered": 90.0, "percent_statements_covered_display": "90"}, "missing_lines": [131], "excluded_lines": [], "start_line": 128}, "delete_model": {"executed_lines": [142, 143, 145, 146, 147, 148], "summary": {"covered_lines": 6, "num_statements": 7, "percent_covered": 85.71428571428571, "percent_covered_display": "86", "missing_lines": 1, "excluded_lines": 0, "percent_statements_covered": 85.71428571428571, "percent_statements_covered_display": "86"}, "missing_lines": [144], "excluded_lines": [], "start_line": 141}, "increment_download": {"executed_lines": [152, 155], "summary": {"covered_lines": 2, "num_statements": 2, "percent_covered": 100.0, "percent_covered_display": "100", "missing_lines": 0, "excluded_lines": 0, "percent_statements_covered": 100.0, "percent_statements_covered_display": "100"}, "missing_lines": [], "excluded_lines": [], "start_line": 151}, "create_version": {"executed_lines": [172, 173, 175, 181, 182, 183, 184, 185], "summary": {"covered_lines": 8, "num_statements": 9, "percent_covered": 88.88888888888889, "percent_covered_display": "89", "missing_lines": 1, "excluded_lines": 0, "percent_statements_covered": 88.88888888888889, "percent_statements_covered_display": "89"}, "missing_lines": [174], "excluded_lines": [], "start_line": 160}, "get_version": {"executed_lines": [189, 190], "summary": {"covered_lines": 2, "num_statements": 2, "percent_covered": 100.0, "percent_covered_display": "100", "missing_lines": 0, "excluded_lines": 0, "percent_statements_covered": 100.0, "percent_statements_covered_display": "100"}, "missing_lines": [], "excluded_lines": [], "start_line": 188}, "list_versions": {"executed_lines": [202, 203, 204, 206, 209, 210, 211, 213, 214, 215, 216, 217], "summary": {"covered_lines": 12, "num_statements": 14, "percent_covered": 85.71428571428571, "percent_covered_display": "86", "missing_lines": 2, "excluded_lines": 0, "percent_statements_covered": 85.71428571428571, "percent_statements_covered_display": "86"}, "missing_lines": [207, 208], "excluded_lines": [], "start_line": 193}, "check_evaluation_threshold": {"executed_lines": [244, 245, 246], "summary": {"covered_lines": 3, "num_statements": 3, "percent_covered": 100.0, "percent_covered_display": "100", "missing_lines": 0, "excluded_lines": 0, "percent_statements_covered": 100.0, "percent_statements_covered_display": "100"}, "missing_lines": [], "excluded_lines": [], "start_line": 243}, "update_version_status": {"executed_lines": [255, 258, 259, 261, 262, 263, 266, 267, 268, 269, 270, 271, 272], "summary": {"covered_lines": 13, "num_statements": 14, "percent_covered": 92.85714285714286, "percent_covered_display": "93", "missing_lines": 1, "excluded_lines": 0, "percent_statements_covered": 92.85714285714286, "percent_statements_covered_display": "93"}, "missing_lines": [260], "excluded_lines": [], "start_line": 251}, "update_version": {"executed_lines": [284, 285, 286, 287, 288, 289, 290, 291, 292], "summary": {"covered_lines": 9, "num_statements": 9, "percent_covered": 100.0, "percent_covered_display": "100", "missing_lines": 0, "excluded_lines": 0, "percent_statements_covered": 100.0, "percent_statements_covered_display": "100"}, "missing_lines": [], "excluded_lines": [], "start_line": 283}, "set_tags": {"executed_lines": [298, 299, 300, 301, 302, 303, 304, 305, 306, 307, 308], "summary": {"covered_lines": 11, "num_statements": 11, "percent_covered": 100.0, "percent_covered_display": "100", "missing_lines": 0, "excluded_lines": 0, "percent_statements_covered": 100.0, "percent_statements_covered_display": "100"}, "missing_lines": [], "excluded_lines": [], "start_line": 297}, "create_quantize_task": {"executed_lines": [321, 327, 328, 329, 330, 331], "summary": {"covered_lines": 6, "num_statements": 6, "percent_covered": 100.0, "percent_covered_display": "100", "missing_lines": 0, "excluded_lines": 0, "percent_statements_covered": 100.0, "percent_statements_covered_display": "100"}, "missing_lines": [], "excluded_lines": [], "start_line": 313}, "get_quantize_task": {"executed_lines": [335, 336], "summary": {"covered_lines": 2, "num_statements": 2, "percent_covered": 100.0, "percent_covered_display": "100", "missing_lines": 0, "excluded_lines": 0, "percent_statements_covered": 100.0, "percent_statements_covered_display": "100"}, "missing_lines": [], "excluded_lines": [], "start_line": 334}, "list_quantize_tasks": {"executed_lines": [346, 347, 348, 349, 350, 351, 352, 353, 354, 355, 356], "summary": {"covered_lines": 11, "num_statements": 11, "percent_covered": 100.0, "percent_covered_display": "100", "missing_lines": 0, "excluded_lines": 0, "percent_statements_covered": 100.0, "percent_statements_covered_display": "100"}, "missing_lines": [], "excluded_lines": [], "start_line": 339}, "update_quantize_task": {"executed_lines": [367, 368, 369, 370, 371, 372, 373, 374, 375, 376], "summary": {"covered_lines": 10, "num_statements": 10, "percent_covered": 100.0, "percent_covered_display": "100", "missing_lines": 0, "excluded_lines": 0, "percent_statements_covered": 100.0, "percent_statements_covered_display": "100"}, "missing_lines": [], "excluded_lines": [], "start_line": 362}, "_hash_key": {"executed_lines": [383], "summary": {"covered_lines": 1, "num_statements": 1, "percent_covered": 100.0, "percent_covered_display": "100", "missing_lines": 0, "excluded_lines": 0, "percent_statements_covered": 100.0, "percent_statements_covered_display": "100"}, "missing_lines": [], "excluded_lines": [], "start_line": 382}, "_generate_api_key": {"executed_lines": [387, 388, 389, 390, 391], "summary": {"covered_lines": 5, "num_statements": 5, "percent_covered": 100.0, "percent_covered_display": "100", "missing_lines": 0, "excluded_lines": 0, "percent_statements_covered": 100.0, "percent_statements_covered_display": "100"}, "missing_lines": [], "excluded_lines": [], "start_line": 386}, "create_api_key": {"executed_lines": [402, 403, 404, 408, 409, 410, 411, 412], "summary": {"covered_lines": 8, "num_statements": 8, "percent_covered": 100.0, "percent_covered_display": "100", "missing_lines": 0, "excluded_lines": 0, "percent_statements_covered": 100.0, "percent_statements_covered_display": "100"}, "missing_lines": [], "excluded_lines": [], "start_line": 394}, "get_api_key": {"executed_lines": [416, 417], "summary": {"covered_lines": 2, "num_statements": 2, "percent_covered": 100.0, "percent_covered_display": "100", "missing_lines": 0, "excluded_lines": 0, "percent_statements_covered": 100.0, "percent_statements_covered_display": "100"}, "missing_lines": [], "excluded_lines": [], "start_line": 415}, "list_api_keys": {"executed_lines": [421, 422], "summary": {"covered_lines": 2, "num_statements": 2, "percent_covered": 100.0, "percent_covered_display": "100", "missing_lines": 0, "excluded_lines": 0, "percent_statements_covered": 100.0, "percent_statements_covered_display": "100"}, "missing_lines": [], "excluded_lines": [], "start_line": 420}, "verify_api_key": {"executed_lines": [426, 427, 430, 431, 432, 433, 434, 435], "summary": {"covered_lines": 8, "num_statements": 8, "percent_covered": 100.0, "percent_covered_display": "100", "missing_lines": 0, "excluded_lines": 0, "percent_statements_covered": 100.0, "percent_statements_covered_display": "100"}, "missing_lines": [], "excluded_lines": [], "start_line": 425}, "deactivate_api_key": {"executed_lines": [439, 440, 442, 443, 444, 445, 446], "summary": {"covered_lines": 7, "num_statements": 8, "percent_covered": 87.5, "percent_covered_display": "88", "missing_lines": 1, "excluded_lines": 0, "percent_statements_covered": 87.5, "percent_statements_covered_display": "88"}, "missing_lines": [441], "excluded_lines": [], "start_line": 438}, "delete_api_key": {"executed_lines": [450, 451, 453, 454, 455, 456], "summary": {"covered_lines": 6, "num_statements": 7, "percent_covered": 85.71428571428571, "percent_covered_display": "86", "missing_lines": 1, "excluded_lines": 0, "percent_statements_covered": 85.71428571428571, "percent_statements_covered_display": "86"}, "missing_lines": [452], "excluded_lines": [], "start_line": 449}, "create_audit_log": {"executed_lines": [471, 476, 477, 478, 479], "summary": {"covered_lines": 5, "num_statements": 5, "percent_covered": 100.0, "percent_covered_display": "100", "missing_lines": 0, "excluded_lines": 0, "percent_statements_covered": 100.0, "percent_statements_covered_display": "100"}, "missing_lines": [], "excluded_lines": [], "start_line": 461}, "list_audit_logs": {"executed_lines": [491, 492, 493, 494, 497, 498, 499, 500, 501, 502, 503, 504, 505, 506, 507], "summary": {"covered_lines": 15, "num_statements": 17, "percent_covered": 88.23529411764706, "percent_covered_display": "88", "missing_lines": 2, "excluded_lines": 0, "percent_statements_covered": 88.23529411764706, "percent_statements_covered_display": "88"}, "missing_lines": [495, 496], "excluded_lines": [], "start_line": 482}, "create_tenant": {"executed_lines": [518, 519, 520, 521, 522, 523], "summary": {"covered_lines": 6, "num_statements": 6, "percent_covered": 100.0, "percent_covered_display": "100", "missing_lines": 0, "excluded_lines": 0, "percent_statements_covered": 100.0, "percent_statements_covered_display": "100"}, "missing_lines": [], "excluded_lines": [], "start_line": 512}, "get_tenant": {"executed_lines": [527, 528], "summary": {"covered_lines": 2, "num_statements": 2, "percent_covered": 100.0, "percent_covered_display": "100", "missing_lines": 0, "excluded_lines": 0, "percent_statements_covered": 100.0, "percent_statements_covered_display": "100"}, "missing_lines": [], "excluded_lines": [], "start_line": 526}, "get_tenant_by_name": {"executed_lines": [532, 533], "summary": {"covered_lines": 2, "num_statements": 2, "percent_covered": 100.0, "percent_covered_display": "100", "missing_lines": 0, "excluded_lines": 0, "percent_statements_covered": 100.0, "percent_statements_covered_display": "100"}, "missing_lines": [], "excluded_lines": [], "start_line": 531}, "list_tenants": {"executed_lines": [537, 538], "summary": {"covered_lines": 2, "num_statements": 2, "percent_covered": 100.0, "percent_covered_display": "100", "missing_lines": 0, "excluded_lines": 0, "percent_statements_covered": 100.0, "percent_statements_covered_display": "100"}, "missing_lines": [], "excluded_lines": [], "start_line": 536}, "delete_tenant": {"executed_lines": [542, 543, 545, 546, 547, 548], "summary": {"covered_lines": 6, "num_statements": 7, "percent_covered": 85.71428571428571, "percent_covered_display": "86", "missing_lines": 1, "excluded_lines": 0, "percent_statements_covered": 85.71428571428571, "percent_statements_covered_display": "86"}, "missing_lines": [544], "excluded_lines": [], "start_line": 541}, "create_webhook": {"executed_lines": [562, 563, 564, 565, 566, 567], "summary": {"covered_lines": 6, "num_statements": 6, "percent_covered": 100.0, "percent_covered_display": "100", "missing_lines": 0, "excluded_lines": 0, "percent_statements_covered": 100.0, "percent_statements_covered_display": "100"}, "missing_lines": [], "excluded_lines": [], "start_line": 553}, "get_webhook": {"executed_lines": [571, 572], "summary": {"covered_lines": 2, "num_statements": 2, "percent_covered": 100.0, "percent_covered_display": "100", "missing_lines": 0, "excluded_lines": 0, "percent_statements_covered": 100.0, "percent_statements_covered_display": "100"}, "missing_lines": [], "excluded_lines": [], "start_line": 570}, "list_webhooks": {"executed_lines": [576, 577, 578, 579, 580], "summary": {"covered_lines": 5, "num_statements": 5, "percent_covered": 100.0, "percent_covered_display": "100", "missing_lines": 0, "excluded_lines": 0, "percent_statements_covered": 100.0, "percent_statements_covered_display": "100"}, "missing_lines": [], "excluded_lines": [], "start_line": 575}, "delete_webhook": {"executed_lines": [584, 585, 586, 587, 588, 589, 590], "summary": {"covered_lines": 7, "num_statements": 7, "percent_covered": 100.0, "percent_covered_display": "100", "missing_lines": 0, "excluded_lines": 0, "percent_statements_covered": 100.0, "percent_statements_covered_display": "100"}, "missing_lines": [], "excluded_lines": [], "start_line": 583}, "create_deployment": {"executed_lines": [604, 608, 609, 610, 611, 612], "summary": {"covered_lines": 6, "num_statements": 6, "percent_covered": 100.0, "percent_covered_display": "100", "missing_lines": 0, "excluded_lines": 0, "percent_statements_covered": 100.0, "percent_statements_covered_display": "100"}, "missing_lines": [], "excluded_lines": [], "start_line": 595}, "get_deployment": {"executed_lines": [616, 617], "summary": {"covered_lines": 2, "num_statements": 2, "percent_covered": 100.0, "percent_covered_display": "100", "missing_lines": 0, "excluded_lines": 0, "percent_statements_covered": 100.0, "percent_statements_covered_display": "100"}, "missing_lines": [], "excluded_lines": [], "start_line": 615}, "list_deployments": {"executed_lines": [626, 627, 628, 629, 630, 631, 632, 633, 634], "summary": {"covered_lines": 9, "num_statements": 9, "percent_covered": 100.0, "percent_covered_display": "100", "missing_lines": 0, "excluded_lines": 0, "percent_statements_covered": 100.0, "percent_statements_covered_display": "100"}, "missing_lines": [], "excluded_lines": [], "start_line": 620}, "update_deployment": {"executed_lines": [641, 642, 643, 644, 645, 646, 647, 648, 649, 650], "summary": {"covered_lines": 10, "num_statements": 10, "percent_covered": 100.0, "percent_covered_display": "100", "missing_lines": 0, "excluded_lines": 0, "percent_statements_covered": 100.0, "percent_statements_covered_display": "100"}, "missing_lines": [], "excluded_lines": [], "start_line": 640}, "delete_deployment": {"executed_lines": [654, 655, 656, 657, 658, 659, 660], "summary": {"covered_lines": 7, "num_statements": 7, "percent_covered": 100.0, "percent_covered_display": "100", "missing_lines": 0, "excluded_lines": 0, "percent_statements_covered": 100.0, "percent_statements_covered_display": "100"}, "missing_lines": [], "excluded_lines": [], "start_line": 653}, "create_cluster_node": {"executed_lines": [672, 673, 674, 675, 676, 677], "summary": {"covered_lines": 6, "num_statements": 6, "percent_covered": 100.0, "percent_covered_display": "100", "missing_lines": 0, "excluded_lines": 0, "percent_statements_covered": 100.0, "percent_statements_covered_display": "100"}, "missing_lines": [], "excluded_lines": [], "start_line": 665}, "get_cluster_node": {"executed_lines": [681, 682], "summary": {"covered_lines": 2, "num_statements": 2, "percent_covered": 100.0, "percent_covered_display": "100", "missing_lines": 0, "excluded_lines": 0, "percent_statements_covered": 100.0, "percent_statements_covered_display": "100"}, "missing_lines": [], "excluded_lines": [], "start_line": 680}, "list_cluster_nodes": {"executed_lines": [686, 687], "summary": {"covered_lines": 2, "num_statements": 2, "percent_covered": 100.0, "percent_covered_display": "100", "missing_lines": 0, "excluded_lines": 0, "percent_statements_covered": 100.0, "percent_statements_covered_display": "100"}, "missing_lines": [], "excluded_lines": [], "start_line": 685}, "delete_cluster_node": {"executed_lines": [691, 692, 694, 695, 696, 697], "summary": {"covered_lines": 6, "num_statements": 7, "percent_covered": 85.71428571428571, "percent_covered_display": "86", "missing_lines": 1, "excluded_lines": 0, "percent_statements_covered": 85.71428571428571, "percent_statements_covered_display": "86"}, "missing_lines": [693], "excluded_lines": [], "start_line": 690}, "create_evaluation": {"executed_lines": [710, 714, 715, 716, 717, 718], "summary": {"covered_lines": 6, "num_statements": 6, "percent_covered": 100.0, "percent_covered_display": "100", "missing_lines": 0, "excluded_lines": 0, "percent_statements_covered": 100.0, "percent_statements_covered_display": "100"}, "missing_lines": [], "excluded_lines": [], "start_line": 702}, "get_evaluation": {"executed_lines": [722, 723], "summary": {"covered_lines": 2, "num_statements": 2, "percent_covered": 100.0, "percent_covered_display": "100", "missing_lines": 0, "excluded_lines": 0, "percent_statements_covered": 100.0, "percent_statements_covered_display": "100"}, "missing_lines": [], "excluded_lines": [], "start_line": 721}, "list_evaluations": {"executed_lines": [736, 737, 738, 739, 740, 741, 742, 743, 744, 745, 746, 747, 748, 749, 750, 751, 752, 753, 754, 755], "summary": {"covered_lines": 20, "num_statements": 20, "percent_covered": 100.0, "percent_covered_display": "100", "missing_lines": 0, "excluded_lines": 0, "percent_statements_covered": 100.0, "percent_statements_covered_display": "100"}, "missing_lines": [], "excluded_lines": [], "start_line": 726}, "update_evaluation": {"executed_lines": [762, 763, 764, 765, 766, 767, 768, 769, 770, 771], "summary": {"covered_lines": 10, "num_statements": 10, "percent_covered": 100.0, "percent_covered_display": "100", "missing_lines": 0, "excluded_lines": 0, "percent_statements_covered": 100.0, "percent_statements_covered_display": "100"}, "missing_lines": [], "excluded_lines": [], "start_line": 761}, "delete_evaluation": {"executed_lines": [775, 776, 777, 778, 779, 780, 781], "summary": {"covered_lines": 7, "num_statements": 7, "percent_covered": 100.0, "percent_covered_display": "100", "missing_lines": 0, "excluded_lines": 0, "percent_statements_covered": 100.0, "percent_statements_covered_display": "100"}, "missing_lines": [], "excluded_lines": [], "start_line": 774}, "create_security_scan": {"executed_lines": [793, 794, 795, 796, 797, 798], "summary": {"covered_lines": 6, "num_statements": 6, "percent_covered": 100.0, "percent_covered_display": "100", "missing_lines": 0, "excluded_lines": 0, "percent_statements_covered": 100.0, "percent_statements_covered_display": "100"}, "missing_lines": [], "excluded_lines": [], "start_line": 789}, "get_security_scan": {"executed_lines": [802, 803], "summary": {"covered_lines": 2, "num_statements": 2, "percent_covered": 100.0, "percent_covered_display": "100", "missing_lines": 0, "excluded_lines": 0, "percent_statements_covered": 100.0, "percent_statements_covered_display": "100"}, "missing_lines": [], "excluded_lines": [], "start_line": 801}, "list_security_scans": {"executed_lines": [810, 811, 812, 815, 818, 821, 822, 823, 824], "summary": {"covered_lines": 9, "num_statements": 15, "percent_covered": 60.0, "percent_covered_display": "60", "missing_lines": 6, "excluded_lines": 0, "percent_statements_covered": 60.0, "percent_statements_covered_display": "60"}, "missing_lines": [813, 814, 816, 817, 819, 820], "excluded_lines": [], "start_line": 806}, "update_security_scan": {"executed_lines": [828, 829, 830, 832, 833, 834, 835, 836, 837], "summary": {"covered_lines": 9, "num_statements": 10, "percent_covered": 90.0, "percent_covered_display": "90", "missing_lines": 1, "excluded_lines": 0, "percent_statements_covered": 90.0, "percent_statements_covered_display": "90"}, "missing_lines": [831], "excluded_lines": [], "start_line": 827}, "create_watermark": {"executed_lines": [846, 850, 851, 852, 853, 854], "summary": {"covered_lines": 6, "num_statements": 6, "percent_covered": 100.0, "percent_covered_display": "100", "missing_lines": 0, "excluded_lines": 0, "percent_statements_covered": 100.0, "percent_statements_covered_display": "100"}, "missing_lines": [], "excluded_lines": [], "start_line": 842}, "get_watermark": {"executed_lines": [858, 859], "summary": {"covered_lines": 2, "num_statements": 2, "percent_covered": 100.0, "percent_covered_display": "100", "missing_lines": 0, "excluded_lines": 0, "percent_statements_covered": 100.0, "percent_statements_covered_display": "100"}, "missing_lines": [], "excluded_lines": [], "start_line": 857}, "list_watermarks": {"executed_lines": [865, 866, 867, 868, 870, 871], "summary": {"covered_lines": 6, "num_statements": 7, "percent_covered": 85.71428571428571, "percent_covered_display": "86", "missing_lines": 1, "excluded_lines": 0, "percent_statements_covered": 85.71428571428571, "percent_statements_covered_display": "86"}, "missing_lines": [869], "excluded_lines": [], "start_line": 862}, "create_approval_request": {"executed_lines": [883, 887, 888, 889, 890, 891], "summary": {"covered_lines": 6, "num_statements": 6, "percent_covered": 100.0, "percent_covered_display": "100", "missing_lines": 0, "excluded_lines": 0, "percent_statements_covered": 100.0, "percent_statements_covered_display": "100"}, "missing_lines": [], "excluded_lines": [], "start_line": 879}, "get_approval_request": {"executed_lines": [895, 896], "summary": {"covered_lines": 2, "num_statements": 2, "percent_covered": 100.0, "percent_covered_display": "100", "missing_lines": 0, "excluded_lines": 0, "percent_statements_covered": 100.0, "percent_statements_covered_display": "100"}, "missing_lines": [], "excluded_lines": [], "start_line": 894}, "list_approval_requests": {"executed_lines": [903, 904, 905, 908, 911, 914, 915, 916, 917], "summary": {"covered_lines": 9, "num_statements": 15, "percent_covered": 60.0, "percent_covered_display": "60", "missing_lines": 6, "excluded_lines": 0, "percent_statements_covered": 60.0, "percent_statements_covered_display": "60"}, "missing_lines": [906, 907, 909, 910, 912, 913], "excluded_lines": [], "start_line": 899}, "update_approval_request": {"executed_lines": [921, 922, 923, 925, 926, 927, 928, 929, 930], "summary": {"covered_lines": 9, "num_statements": 10, "percent_covered": 90.0, "percent_covered_display": "90", "missing_lines": 1, "excluded_lines": 0, "percent_statements_covered": 90.0, "percent_statements_covered_display": "90"}, "missing_lines": [924], "excluded_lines": [], "start_line": 920}, "create_lora_merge_task": {"executed_lines": [942, 946, 947, 948, 949, 950], "summary": {"covered_lines": 6, "num_statements": 6, "percent_covered": 100.0, "percent_covered_display": "100", "missing_lines": 0, "excluded_lines": 0, "percent_statements_covered": 100.0, "percent_statements_covered_display": "100"}, "missing_lines": [], "excluded_lines": [], "start_line": 938}, "get_lora_merge_task": {"executed_lines": [954, 955], "summary": {"covered_lines": 2, "num_statements": 2, "percent_covered": 100.0, "percent_covered_display": "100", "missing_lines": 0, "excluded_lines": 0, "percent_statements_covered": 100.0, "percent_statements_covered_display": "100"}, "missing_lines": [], "excluded_lines": [], "start_line": 953}, "list_lora_merge_tasks": {"executed_lines": [961, 962, 963, 964, 965, 966, 967, 968, 969], "summary": {"covered_lines": 9, "num_statements": 9, "percent_covered": 100.0, "percent_covered_display": "100", "missing_lines": 0, "excluded_lines": 0, "percent_statements_covered": 100.0, "percent_statements_covered_display": "100"}, "missing_lines": [], "excluded_lines": [], "start_line": 958}, "update_lora_merge_task": {"executed_lines": [973, 974, 975, 977, 978, 979, 980, 981, 982], "summary": {"covered_lines": 9, "num_statements": 10, "percent_covered": 90.0, "percent_covered_display": "90", "missing_lines": 1, "excluded_lines": 0, "percent_statements_covered": 90.0, "percent_statements_covered_display": "90"}, "missing_lines": [976], "excluded_lines": [], "start_line": 972}, "create_distributed_task": {"executed_lines": [994, 995, 996, 997, 998, 999], "summary": {"covered_lines": 6, "num_statements": 6, "percent_covered": 100.0, "percent_covered_display": "100", "missing_lines": 0, "excluded_lines": 0, "percent_statements_covered": 100.0, "percent_statements_covered_display": "100"}, "missing_lines": [], "excluded_lines": [], "start_line": 990}, "get_distributed_task": {"executed_lines": [1003, 1004], "summary": {"covered_lines": 2, "num_statements": 2, "percent_covered": 100.0, "percent_covered_display": "100", "missing_lines": 0, "excluded_lines": 0, "percent_statements_covered": 100.0, "percent_statements_covered_display": "100"}, "missing_lines": [], "excluded_lines": [], "start_line": 1002}, "update_distributed_task": {"executed_lines": [1008, 1009, 1010, 1011, 1012, 1013, 1014, 1015, 1016, 1017], "summary": {"covered_lines": 10, "num_statements": 10, "percent_covered": 100.0, "percent_covered_display": "100", "missing_lines": 0, "excluded_lines": 0, "percent_statements_covered": 100.0, "percent_statements_covered_display": "100"}, "missing_lines": [], "excluded_lines": [], "start_line": 1007}, "create_gitlfs_lock": {"executed_lines": [1025, 1026, 1027, 1028, 1029, 1030], "summary": {"covered_lines": 6, "num_statements": 6, "percent_covered": 100.0, "percent_covered_display": "100", "missing_lines": 0, "excluded_lines": 0, "percent_statements_covered": 100.0, "percent_statements_covered_display": "100"}, "missing_lines": [], "excluded_lines": [], "start_line": 1022}, "list_gitlfs_locks": {"executed_lines": [1034, 1035, 1036, 1037, 1038, 1039, 1040], "summary": {"covered_lines": 7, "num_statements": 7, "percent_covered": 100.0, "percent_covered_display": "100", "missing_lines": 0, "excluded_lines": 0, "percent_statements_covered": 100.0, "percent_statements_covered_display": "100"}, "missing_lines": [], "excluded_lines": [], "start_line": 1033}, "delete_gitlfs_lock": {"executed_lines": [1044, 1045, 1046, 1047, 1048, 1049, 1050], "summary": {"covered_lines": 7, "num_statements": 7, "percent_covered": 100.0, "percent_covered_display": "100", "missing_lines": 0, "excluded_lines": 0, "percent_statements_covered": 100.0, "percent_statements_covered_display": "100"}, "missing_lines": [], "excluded_lines": [], "start_line": 1043}, "create_model_rating": {"executed_lines": [1059, 1060, 1061, 1062, 1063, 1064], "summary": {"covered_lines": 6, "num_statements": 6, "percent_covered": 100.0, "percent_covered_display": "100", "missing_lines": 0, "excluded_lines": 0, "percent_statements_covered": 100.0, "percent_statements_covered_display": "100"}, "missing_lines": [], "excluded_lines": [], "start_line": 1055}, "get_model_rating": {"executed_lines": [1068, 1069], "summary": {"covered_lines": 2, "num_statements": 2, "percent_covered": 100.0, "percent_covered_display": "100", "missing_lines": 0, "excluded_lines": 0, "percent_statements_covered": 100.0, "percent_statements_covered_display": "100"}, "missing_lines": [], "excluded_lines": [], "start_line": 1067}, "list_model_ratings": {"executed_lines": [1076, 1077, 1078, 1079, 1080, 1081, 1082, 1085, 1086, 1087, 1088], "summary": {"covered_lines": 11, "num_statements": 13, "percent_covered": 84.61538461538461, "percent_covered_display": "85", "missing_lines": 2, "excluded_lines": 0, "percent_statements_covered": 84.61538461538461, "percent_statements_covered_display": "85"}, "missing_lines": [1083, 1084], "excluded_lines": [], "start_line": 1072}, "delete_model_rating": {"executed_lines": [1092, 1093, 1094, 1095, 1096, 1097, 1098], "summary": {"covered_lines": 7, "num_statements": 7, "percent_covered": 100.0, "percent_covered_display": "100", "missing_lines": 0, "excluded_lines": 0, "percent_statements_covered": 100.0, "percent_statements_covered_display": "100"}, "missing_lines": [], "excluded_lines": [], "start_line": 1091}, "get_model_avg_rating": {"executed_lines": [1102, 1105, 1106], "summary": {"covered_lines": 3, "num_statements": 3, "percent_covered": 100.0, "percent_covered_display": "100", "missing_lines": 0, "excluded_lines": 0, "percent_statements_covered": 100.0, "percent_statements_covered_display": "100"}, "missing_lines": [], "excluded_lines": [], "start_line": 1101}, "create_model_favorite": {"executed_lines": [1114, 1115, 1116, 1117, 1118, 1119], "summary": {"covered_lines": 6, "num_statements": 6, "percent_covered": 100.0, "percent_covered_display": "100", "missing_lines": 0, "excluded_lines": 0, "percent_statements_covered": 100.0, "percent_statements_covered_display": "100"}, "missing_lines": [], "excluded_lines": [], "start_line": 1111}, "list_model_favorites": {"executed_lines": [1126, 1127, 1128, 1129, 1132, 1133, 1134, 1135, 1136, 1137, 1138], "summary": {"covered_lines": 11, "num_statements": 13, "percent_covered": 84.61538461538461, "percent_covered_display": "85", "missing_lines": 2, "excluded_lines": 0, "percent_statements_covered": 84.61538461538461, "percent_statements_covered_display": "85"}, "missing_lines": [1130, 1131], "excluded_lines": [], "start_line": 1122}, "delete_model_favorite": {"executed_lines": [1142, 1143, 1144, 1145, 1146, 1147, 1148, 1149], "summary": {"covered_lines": 8, "num_statements": 8, "percent_covered": 100.0, "percent_covered_display": "100", "missing_lines": 0, "excluded_lines": 0, "percent_statements_covered": 100.0, "percent_statements_covered_display": "100"}, "missing_lines": [], "excluded_lines": [], "start_line": 1141}, "is_model_favorited": {"executed_lines": [1153, 1158], "summary": {"covered_lines": 2, "num_statements": 2, "percent_covered": 100.0, "percent_covered_display": "100", "missing_lines": 0, "excluded_lines": 0, "percent_statements_covered": 100.0, "percent_statements_covered_display": "100"}, "missing_lines": [], "excluded_lines": [], "start_line": 1152}, "create_model_branch": {"executed_lines": [1170, 1174, 1175, 1176, 1177, 1178], "summary": {"covered_lines": 6, "num_statements": 6, "percent_covered": 100.0, "percent_covered_display": "100", "missing_lines": 0, "excluded_lines": 0, "percent_statements_covered": 100.0, "percent_statements_covered_display": "100"}, "missing_lines": [], "excluded_lines": [], "start_line": 1166}, "get_model_branch": {"executed_lines": [1182, 1183], "summary": {"covered_lines": 2, "num_statements": 2, "percent_covered": 100.0, "percent_covered_display": "100", "missing_lines": 0, "excluded_lines": 0, "percent_statements_covered": 100.0, "percent_statements_covered_display": "100"}, "missing_lines": [], "excluded_lines": [], "start_line": 1181}, "list_model_branches": {"executed_lines": [1189, 1190, 1191, 1192, 1193, 1194, 1195], "summary": {"covered_lines": 7, "num_statements": 7, "percent_covered": 100.0, "percent_covered_display": "100", "missing_lines": 0, "excluded_lines": 0, "percent_statements_covered": 100.0, "percent_statements_covered_display": "100"}, "missing_lines": [], "excluded_lines": [], "start_line": 1186}, "update_model_branch": {"executed_lines": [1199, 1200, 1201, 1202, 1203, 1204, 1205, 1206, 1207, 1208], "summary": {"covered_lines": 10, "num_statements": 10, "percent_covered": 100.0, "percent_covered_display": "100", "missing_lines": 0, "excluded_lines": 0, "percent_statements_covered": 100.0, "percent_statements_covered_display": "100"}, "missing_lines": [], "excluded_lines": [], "start_line": 1198}, "delete_model_branch": {"executed_lines": [1212, 1213, 1214, 1215, 1216, 1217, 1218], "summary": {"covered_lines": 7, "num_statements": 7, "percent_covered": 100.0, "percent_covered_display": "100", "missing_lines": 0, "excluded_lines": 0, "percent_statements_covered": 100.0, "percent_statements_covered_display": "100"}, "missing_lines": [], "excluded_lines": [], "start_line": 1211}, "": {"executed_lines": [1, 2, 3, 4, 6, 7, 9, 38, 40, 43, 72, 77, 82, 122, 128, 141, 151, 160, 188, 193, 220, 228, 235, 236, 239, 240, 243, 251, 275, 283, 297, 313, 334, 339, 359, 362, 382, 386, 394, 415, 420, 425, 438, 449, 461, 482, 512, 526, 531, 536, 541, 553, 570, 575, 583, 595, 615, 620, 637, 640, 653, 665, 680, 685, 690, 702, 721, 726, 758, 761, 774, 786, 789, 801, 806, 827, 842, 857, 862, 876, 879, 894, 899, 920, 935, 938, 953, 958, 972, 987, 990, 1002, 1007, 1022, 1033, 1043, 1055, 1067, 1072, 1091, 1101, 1111, 1122, 1141, 1152, 1163, 1166, 1181, 1186, 1198, 1211], "summary": {"covered_lines": 111, "num_statements": 111, "percent_covered": 100.0, "percent_covered_display": "100", "missing_lines": 0, "excluded_lines": 0, "percent_statements_covered": 100.0, "percent_statements_covered_display": "100"}, "missing_lines": [], "excluded_lines": [], "start_line": 1}}, "classes": {"InvalidTransition": {"executed_lines": [], "summary": {"covered_lines": 0, "num_statements": 0, "percent_covered": 100.0, "percent_covered_display": "100", "missing_lines": 0, "excluded_lines": 0, "percent_statements_covered": 100.0, "percent_statements_covered_display": "100"}, "missing_lines": [], "excluded_lines": [], "start_line": 235}, "EvaluationThresholdError": {"executed_lines": [], "summary": {"covered_lines": 0, "num_statements": 0, "percent_covered": 100.0, "percent_covered_display": "100", "missing_lines": 0, "excluded_lines": 0, "percent_statements_covered": 100.0, "percent_statements_covered_display": "100"}, "missing_lines": [], "excluded_lines": [], "start_line": 239}, "": {"executed_lines": [1, 2, 3, 4, 6, 7, 9, 38, 40, 43, 59, 65, 66, 67, 68, 69, 72, 73, 74, 77, 78, 79, 82, 92, 93, 94, 96, 97, 98, 99, 100, 101, 106, 107, 108, 109, 110, 111, 112, 113, 115, 116, 117, 118, 119, 122, 128, 129, 130, 132, 133, 134, 135, 136, 137, 138, 141, 142, 143, 145, 146, 147, 148, 151, 152, 155, 160, 172, 173, 175, 181, 182, 183, 184, 185, 188, 189, 190, 193, 202, 203, 204, 206, 209, 210, 211, 213, 214, 215, 216, 217, 220, 228, 235, 236, 239, 240, 243, 244, 245, 246, 251, 255, 258, 259, 261, 262, 263, 266, 267, 268, 269, 270, 271, 272, 275, 283, 284, 285, 286, 287, 288, 289, 290, 291, 292, 297, 298, 299, 300, 301, 302, 303, 304, 305, 306, 307, 308, 313, 321, 327, 328, 329, 330, 331, 334, 335, 336, 339, 346, 347, 348, 349, 350, 351, 352, 353, 354, 355, 356, 359, 362, 367, 368, 369, 370, 371, 372, 373, 374, 375, 376, 382, 383, 386, 387, 388, 389, 390, 391, 394, 402, 403, 404, 408, 409, 410, 411, 412, 415, 416, 417, 420, 421, 422, 425, 426, 427, 430, 431, 432, 433, 434, 435, 438, 439, 440, 442, 443, 444, 445, 446, 449, 450, 451, 453, 454, 455, 456, 461, 471, 476, 477, 478, 479, 482, 491, 492, 493, 494, 497, 498, 499, 500, 501, 502, 503, 504, 505, 506, 507, 512, 518, 519, 520, 521, 522, 523, 526, 527, 528, 531, 532, 533, 536, 537, 538, 541, 542, 543, 545, 546, 547, 548, 553, 562, 563, 564, 565, 566, 567, 570, 571, 572, 575, 576, 577, 578, 579, 580, 583, 584, 585, 586, 587, 588, 589, 590, 595, 604, 608, 609, 610, 611, 612, 615, 616, 617, 620, 626, 627, 628, 629, 630, 631, 632, 633, 634, 637, 640, 641, 642, 643, 644, 645, 646, 647, 648, 649, 650, 653, 654, 655, 656, 657, 658, 659, 660, 665, 672, 673, 674, 675, 676, 677, 680, 681, 682, 685, 686, 687, 690, 691, 692, 694, 695, 696, 697, 702, 710, 714, 715, 716, 717, 718, 721, 722, 723, 726, 736, 737, 738, 739, 740, 741, 742, 743, 744, 745, 746, 747, 748, 749, 750, 751, 752, 753, 754, 755, 758, 761, 762, 763, 764, 765, 766, 767, 768, 769, 770, 771, 774, 775, 776, 777, 778, 779, 780, 781, 786, 789, 793, 794, 795, 796, 797, 798, 801, 802, 803, 806, 810, 811, 812, 815, 818, 821, 822, 823, 824, 827, 828, 829, 830, 832, 833, 834, 835, 836, 837, 842, 846, 850, 851, 852, 853, 854, 857, 858, 859, 862, 865, 866, 867, 868, 870, 871, 876, 879, 883, 887, 888, 889, 890, 891, 894, 895, 896, 899, 903, 904, 905, 908, 911, 914, 915, 916, 917, 920, 921, 922, 923, 925, 926, 927, 928, 929, 930, 935, 938, 942, 946, 947, 948, 949, 950, 953, 954, 955, 958, 961, 962, 963, 964, 965, 966, 967, 968, 969, 972, 973, 974, 975, 977, 978, 979, 980, 981, 982, 987, 990, 994, 995, 996, 997, 998, 999, 1002, 1003, 1004, 1007, 1008, 1009, 1010, 1011, 1012, 1013, 1014, 1015, 1016, 1017, 1022, 1025, 1026, 1027, 1028, 1029, 1030, 1033, 1034, 1035, 1036, 1037, 1038, 1039, 1040, 1043, 1044, 1045, 1046, 1047, 1048, 1049, 1050, 1055, 1059, 1060, 1061, 1062, 1063, 1064, 1067, 1068, 1069, 1072, 1076, 1077, 1078, 1079, 1080, 1081, 1082, 1085, 1086, 1087, 1088, 1091, 1092, 1093, 1094, 1095, 1096, 1097, 1098, 1101, 1102, 1105, 1106, 1111, 1114, 1115, 1116, 1117, 1118, 1119, 1122, 1126, 1127, 1128, 1129, 1132, 1133, 1134, 1135, 1136, 1137, 1138, 1141, 1142, 1143, 1144, 1145, 1146, 1147, 1148, 1149, 1152, 1153, 1158, 1163, 1166, 1170, 1174, 1175, 1176, 1177, 1178, 1181, 1182, 1183, 1186, 1189, 1190, 1191, 1192, 1193, 1194, 1195, 1198, 1199, 1200, 1201, 1202, 1203, 1204, 1205, 1206, 1207, 1208, 1211, 1212, 1213, 1214, 1215, 1216, 1217, 1218], "summary": {"covered_lines": 657, "num_statements": 689, "percent_covered": 95.355587808418, "percent_covered_display": "95", "missing_lines": 32, "excluded_lines": 0, "percent_statements_covered": 95.355587808418, "percent_statements_covered_display": "95"}, "missing_lines": [131, 144, 174, 207, 208, 260, 441, 452, 495, 496, 544, 693, 813, 814, 816, 817, 819, 820, 831, 869, 906, 907, 909, 910, 912, 913, 924, 976, 1083, 1084, 1130, 1131], "excluded_lines": [], "start_line": 1}}}, "fusion_model_hub/db/database.py": {"executed_lines": [1, 2, 4, 6, 8, 11, 12, 14, 15, 18, 19, 22, 23, 24, 26, 27, 28], "summary": {"covered_lines": 17, "num_statements": 19, "percent_covered": 89.47368421052632, "percent_covered_display": "89", "missing_lines": 2, "excluded_lines": 0, "percent_statements_covered": 89.47368421052632, "percent_statements_covered_display": "89"}, "missing_lines": [13, 25], "excluded_lines": [], "functions": {"get_engine": {"executed_lines": [12, 14, 15], "summary": {"covered_lines": 3, "num_statements": 4, "percent_covered": 75.0, "percent_covered_display": "75", "missing_lines": 1, "excluded_lines": 0, "percent_statements_covered": 75.0, "percent_statements_covered_display": "75"}, "missing_lines": [13], "excluded_lines": [], "start_line": 11}, "get_session_factory": {"executed_lines": [19], "summary": {"covered_lines": 1, "num_statements": 1, "percent_covered": 100.0, "percent_covered_display": "100", "missing_lines": 0, "excluded_lines": 0, "percent_statements_covered": 100.0, "percent_statements_covered_display": "100"}, "missing_lines": [], "excluded_lines": [], "start_line": 18}, "init_db": {"executed_lines": [23, 24, 26, 27, 28], "summary": {"covered_lines": 5, "num_statements": 6, "percent_covered": 83.33333333333333, "percent_covered_display": "83", "missing_lines": 1, "excluded_lines": 0, "percent_statements_covered": 83.33333333333333, "percent_statements_covered_display": "83"}, "missing_lines": [25], "excluded_lines": [], "start_line": 22}, "": {"executed_lines": [1, 2, 4, 6, 8, 11, 18, 22], "summary": {"covered_lines": 8, "num_statements": 8, "percent_covered": 100.0, "percent_covered_display": "100", "missing_lines": 0, "excluded_lines": 0, "percent_statements_covered": 100.0, "percent_statements_covered_display": "100"}, "missing_lines": [], "excluded_lines": [], "start_line": 1}}, "classes": {"": {"executed_lines": [1, 2, 4, 6, 8, 11, 12, 14, 15, 18, 19, 22, 23, 24, 26, 27, 28], "summary": {"covered_lines": 17, "num_statements": 19, "percent_covered": 89.47368421052632, "percent_covered_display": "89", "missing_lines": 2, "excluded_lines": 0, "percent_statements_covered": 89.47368421052632, "percent_statements_covered_display": "89"}, "missing_lines": [13, 25], "excluded_lines": [], "start_line": 1}}}, "fusion_model_hub/db/models.py": {"executed_lines": [1, 2, 3, 5, 6, 9, 10, 13, 14, 15, 16, 17, 18, 19, 20, 21, 24, 25, 26, 27, 28, 29, 32, 33, 34, 35, 36, 37, 38, 39, 40, 43, 44, 45, 46, 47, 48, 51, 52, 53, 54, 55, 56, 59, 60, 63, 64, 67, 68, 70, 71, 72, 73, 74, 75, 76, 77, 78, 79, 80, 81, 82, 83, 84, 85, 87, 90, 93, 96, 99, 104, 105, 107, 108, 109, 110, 111, 112, 113, 114, 115, 116, 117, 118, 119, 120, 121, 122, 123, 124, 125, 126, 128, 131, 132, 134, 135, 136, 137, 139, 142, 143, 144, 145, 146, 149, 150, 152, 153, 154, 155, 156, 157, 158, 159, 160, 161, 162, 165, 166, 167, 168, 171, 172, 174, 175, 176, 177, 178, 181, 182, 184, 185, 186, 187, 188, 189, 190, 191, 192, 193, 196, 197, 199, 200, 201, 202, 203, 204, 205, 206, 209, 210, 212, 213, 214, 215, 216, 217, 218, 221, 222, 223, 224, 225, 226, 227, 230, 231, 233, 234, 235, 236, 237, 238, 239, 240, 243, 244, 245, 246, 247, 250, 251, 253, 254, 255, 256, 257, 258, 259, 260, 261, 262, 263, 264, 267, 268, 269, 270, 271, 274, 275, 277, 278, 279, 280, 281, 282, 283, 284, 285, 286, 287, 290, 291, 292, 293, 294, 297, 298, 300, 301, 302, 303, 304, 305, 306, 307, 308, 311, 312, 314, 315, 316, 317, 318, 319, 320, 323, 324, 325, 326, 327, 330, 331, 332, 333, 336, 337, 339, 340, 341, 342, 343, 344, 345, 346, 347, 348, 349, 352, 353, 355, 356, 357, 358, 359, 360, 361, 362, 363, 364, 367, 368, 369, 370, 371, 372, 375, 376, 378, 379, 380, 381, 382, 385, 386, 387, 390, 391, 393, 394, 395, 396, 397, 400, 401, 403, 404, 405, 406, 407, 408, 410, 413, 414, 416, 417, 418, 419, 421, 424, 425, 426, 427, 430, 431, 433, 434, 435, 436, 437, 438, 439, 440, 441, 443], "summary": {"covered_lines": 328, "num_statements": 328, "percent_covered": 100.0, "percent_covered_display": "100", "missing_lines": 0, "excluded_lines": 0, "percent_statements_covered": 100.0, "percent_statements_covered_display": "100"}, "missing_lines": [], "excluded_lines": [], "functions": {"_utcnow": {"executed_lines": [60], "summary": {"covered_lines": 1, "num_statements": 1, "percent_covered": 100.0, "percent_covered_display": "100", "missing_lines": 0, "excluded_lines": 0, "percent_statements_covered": 100.0, "percent_statements_covered_display": "100"}, "missing_lines": [], "excluded_lines": [], "start_line": 59}, "_uuid4": {"executed_lines": [64], "summary": {"covered_lines": 1, "num_statements": 1, "percent_covered": 100.0, "percent_covered_display": "100", "missing_lines": 0, "excluded_lines": 0, "percent_statements_covered": 100.0, "percent_statements_covered_display": "100"}, "missing_lines": [], "excluded_lines": [], "start_line": 63}, "": {"executed_lines": [1, 2, 3, 5, 6, 9, 10, 13, 14, 15, 16, 17, 18, 19, 20, 21, 24, 25, 26, 27, 28, 29, 32, 33, 34, 35, 36, 37, 38, 39, 40, 43, 44, 45, 46, 47, 48, 51, 52, 53, 54, 55, 56, 59, 63, 67, 68, 70, 71, 72, 73, 74, 75, 76, 77, 78, 79, 80, 81, 82, 83, 84, 85, 87, 90, 93, 96, 99, 104, 105, 107, 108, 109, 110, 111, 112, 113, 114, 115, 116, 117, 118, 119, 120, 121, 122, 123, 124, 125, 126, 128, 131, 132, 134, 135, 136, 137, 139, 142, 143, 144, 145, 146, 149, 150, 152, 153, 154, 155, 156, 157, 158, 159, 160, 161, 162, 165, 166, 167, 168, 171, 172, 174, 175, 176, 177, 178, 181, 182, 184, 185, 186, 187, 188, 189, 190, 191, 192, 193, 196, 197, 199, 200, 201, 202, 203, 204, 205, 206, 209, 210, 212, 213, 214, 215, 216, 217, 218, 221, 222, 223, 224, 225, 226, 227, 230, 231, 233, 234, 235, 236, 237, 238, 239, 240, 243, 244, 245, 246, 247, 250, 251, 253, 254, 255, 256, 257, 258, 259, 260, 261, 262, 263, 264, 267, 268, 269, 270, 271, 274, 275, 277, 278, 279, 280, 281, 282, 283, 284, 285, 286, 287, 290, 291, 292, 293, 294, 297, 298, 300, 301, 302, 303, 304, 305, 306, 307, 308, 311, 312, 314, 315, 316, 317, 318, 319, 320, 323, 324, 325, 326, 327, 330, 331, 332, 333, 336, 337, 339, 340, 341, 342, 343, 344, 345, 346, 347, 348, 349, 352, 353, 355, 356, 357, 358, 359, 360, 361, 362, 363, 364, 367, 368, 369, 370, 371, 372, 375, 376, 378, 379, 380, 381, 382, 385, 386, 387, 390, 391, 393, 394, 395, 396, 397, 400, 401, 403, 404, 405, 406, 407, 408, 410, 413, 414, 416, 417, 418, 419, 421, 424, 425, 426, 427, 430, 431, 433, 434, 435, 436, 437, 438, 439, 440, 441, 443], "summary": {"covered_lines": 326, "num_statements": 326, "percent_covered": 100.0, "percent_covered_display": "100", "missing_lines": 0, "excluded_lines": 0, "percent_statements_covered": 100.0, "percent_statements_covered_display": "100"}, "missing_lines": [], "excluded_lines": [], "start_line": 1}}, "classes": {"Base": {"executed_lines": [], "summary": {"covered_lines": 0, "num_statements": 0, "percent_covered": 100.0, "percent_covered_display": "100", "missing_lines": 0, "excluded_lines": 0, "percent_statements_covered": 100.0, "percent_statements_covered_display": "100"}, "missing_lines": [], "excluded_lines": [], "start_line": 9}, "ModelType": {"executed_lines": [], "summary": {"covered_lines": 0, "num_statements": 0, "percent_covered": 100.0, "percent_covered_display": "100", "missing_lines": 0, "excluded_lines": 0, "percent_statements_covered": 100.0, "percent_statements_covered_display": "100"}, "missing_lines": [], "excluded_lines": [], "start_line": 13}, "ModelFormat": {"executed_lines": [], "summary": {"covered_lines": 0, "num_statements": 0, "percent_covered": 100.0, "percent_covered_display": "100", "missing_lines": 0, "excluded_lines": 0, "percent_statements_covered": 100.0, "percent_statements_covered_display": "100"}, "missing_lines": [], "excluded_lines": [], "start_line": 24}, "Quantization": {"executed_lines": [], "summary": {"covered_lines": 0, "num_statements": 0, "percent_covered": 100.0, "percent_covered_display": "100", "missing_lines": 0, "excluded_lines": 0, "percent_statements_covered": 100.0, "percent_statements_covered_display": "100"}, "missing_lines": [], "excluded_lines": [], "start_line": 32}, "VersionStatus": {"executed_lines": [], "summary": {"covered_lines": 0, "num_statements": 0, "percent_covered": 100.0, "percent_covered_display": "100", "missing_lines": 0, "excluded_lines": 0, "percent_statements_covered": 100.0, "percent_statements_covered_display": "100"}, "missing_lines": [], "excluded_lines": [], "start_line": 43}, "ModelSource": {"executed_lines": [], "summary": {"covered_lines": 0, "num_statements": 0, "percent_covered": 100.0, "percent_covered_display": "100", "missing_lines": 0, "excluded_lines": 0, "percent_statements_covered": 100.0, "percent_statements_covered_display": "100"}, "missing_lines": [], "excluded_lines": [], "start_line": 51}, "Model": {"executed_lines": [], "summary": {"covered_lines": 0, "num_statements": 0, "percent_covered": 100.0, "percent_covered_display": "100", "missing_lines": 0, "excluded_lines": 0, "percent_statements_covered": 100.0, "percent_statements_covered_display": "100"}, "missing_lines": [], "excluded_lines": [], "start_line": 67}, "ModelVersion": {"executed_lines": [], "summary": {"covered_lines": 0, "num_statements": 0, "percent_covered": 100.0, "percent_covered_display": "100", "missing_lines": 0, "excluded_lines": 0, "percent_statements_covered": 100.0, "percent_statements_covered_display": "100"}, "missing_lines": [], "excluded_lines": [], "start_line": 104}, "ModelTag": {"executed_lines": [], "summary": {"covered_lines": 0, "num_statements": 0, "percent_covered": 100.0, "percent_covered_display": "100", "missing_lines": 0, "excluded_lines": 0, "percent_statements_covered": 100.0, "percent_statements_covered_display": "100"}, "missing_lines": [], "excluded_lines": [], "start_line": 131}, "TaskStatus": {"executed_lines": [], "summary": {"covered_lines": 0, "num_statements": 0, "percent_covered": 100.0, "percent_covered_display": "100", "missing_lines": 0, "excluded_lines": 0, "percent_statements_covered": 100.0, "percent_statements_covered_display": "100"}, "missing_lines": [], "excluded_lines": [], "start_line": 142}, "QuantizeTask": {"executed_lines": [], "summary": {"covered_lines": 0, "num_statements": 0, "percent_covered": 100.0, "percent_covered_display": "100", "missing_lines": 0, "excluded_lines": 0, "percent_statements_covered": 100.0, "percent_statements_covered_display": "100"}, "missing_lines": [], "excluded_lines": [], "start_line": 149}, "UserRole": {"executed_lines": [], "summary": {"covered_lines": 0, "num_statements": 0, "percent_covered": 100.0, "percent_covered_display": "100", "missing_lines": 0, "excluded_lines": 0, "percent_statements_covered": 100.0, "percent_statements_covered_display": "100"}, "missing_lines": [], "excluded_lines": [], "start_line": 165}, "Tenant": {"executed_lines": [], "summary": {"covered_lines": 0, "num_statements": 0, "percent_covered": 100.0, "percent_covered_display": "100", "missing_lines": 0, "excluded_lines": 0, "percent_statements_covered": 100.0, "percent_statements_covered_display": "100"}, "missing_lines": [], "excluded_lines": [], "start_line": 171}, "ApiKey": {"executed_lines": [], "summary": {"covered_lines": 0, "num_statements": 0, "percent_covered": 100.0, "percent_covered_display": "100", "missing_lines": 0, "excluded_lines": 0, "percent_statements_covered": 100.0, "percent_statements_covered_display": "100"}, "missing_lines": [], "excluded_lines": [], "start_line": 181}, "AuditLog": {"executed_lines": [], "summary": {"covered_lines": 0, "num_statements": 0, "percent_covered": 100.0, "percent_covered_display": "100", "missing_lines": 0, "excluded_lines": 0, "percent_statements_covered": 100.0, "percent_statements_covered_display": "100"}, "missing_lines": [], "excluded_lines": [], "start_line": 196}, "ClusterNode": {"executed_lines": [], "summary": {"covered_lines": 0, "num_statements": 0, "percent_covered": 100.0, "percent_covered_display": "100", "missing_lines": 0, "excluded_lines": 0, "percent_statements_covered": 100.0, "percent_statements_covered_display": "100"}, "missing_lines": [], "excluded_lines": [], "start_line": 209}, "WebhookEvent": {"executed_lines": [], "summary": {"covered_lines": 0, "num_statements": 0, "percent_covered": 100.0, "percent_covered_display": "100", "missing_lines": 0, "excluded_lines": 0, "percent_statements_covered": 100.0, "percent_statements_covered_display": "100"}, "missing_lines": [], "excluded_lines": [], "start_line": 221}, "Webhook": {"executed_lines": [], "summary": {"covered_lines": 0, "num_statements": 0, "percent_covered": 100.0, "percent_covered_display": "100", "missing_lines": 0, "excluded_lines": 0, "percent_statements_covered": 100.0, "percent_statements_covered_display": "100"}, "missing_lines": [], "excluded_lines": [], "start_line": 230}, "DeploymentStatus": {"executed_lines": [], "summary": {"covered_lines": 0, "num_statements": 0, "percent_covered": 100.0, "percent_covered_display": "100", "missing_lines": 0, "excluded_lines": 0, "percent_statements_covered": 100.0, "percent_statements_covered_display": "100"}, "missing_lines": [], "excluded_lines": [], "start_line": 243}, "Deployment": {"executed_lines": [], "summary": {"covered_lines": 0, "num_statements": 0, "percent_covered": 100.0, "percent_covered_display": "100", "missing_lines": 0, "excluded_lines": 0, "percent_statements_covered": 100.0, "percent_statements_covered_display": "100"}, "missing_lines": [], "excluded_lines": [], "start_line": 250}, "EvaluationStatus": {"executed_lines": [], "summary": {"covered_lines": 0, "num_statements": 0, "percent_covered": 100.0, "percent_covered_display": "100", "missing_lines": 0, "excluded_lines": 0, "percent_statements_covered": 100.0, "percent_statements_covered_display": "100"}, "missing_lines": [], "excluded_lines": [], "start_line": 267}, "EvaluationResult": {"executed_lines": [], "summary": {"covered_lines": 0, "num_statements": 0, "percent_covered": 100.0, "percent_covered_display": "100", "missing_lines": 0, "excluded_lines": 0, "percent_statements_covered": 100.0, "percent_statements_covered_display": "100"}, "missing_lines": [], "excluded_lines": [], "start_line": 274}, "ScanStatus": {"executed_lines": [], "summary": {"covered_lines": 0, "num_statements": 0, "percent_covered": 100.0, "percent_covered_display": "100", "missing_lines": 0, "excluded_lines": 0, "percent_statements_covered": 100.0, "percent_statements_covered_display": "100"}, "missing_lines": [], "excluded_lines": [], "start_line": 290}, "SecurityScan": {"executed_lines": [], "summary": {"covered_lines": 0, "num_statements": 0, "percent_covered": 100.0, "percent_covered_display": "100", "missing_lines": 0, "excluded_lines": 0, "percent_statements_covered": 100.0, "percent_statements_covered_display": "100"}, "missing_lines": [], "excluded_lines": [], "start_line": 297}, "Watermark": {"executed_lines": [], "summary": {"covered_lines": 0, "num_statements": 0, "percent_covered": 100.0, "percent_covered_display": "100", "missing_lines": 0, "excluded_lines": 0, "percent_statements_covered": 100.0, "percent_statements_covered_display": "100"}, "missing_lines": [], "excluded_lines": [], "start_line": 311}, "ApprovalStatus": {"executed_lines": [], "summary": {"covered_lines": 0, "num_statements": 0, "percent_covered": 100.0, "percent_covered_display": "100", "missing_lines": 0, "excluded_lines": 0, "percent_statements_covered": 100.0, "percent_statements_covered_display": "100"}, "missing_lines": [], "excluded_lines": [], "start_line": 323}, "ApprovalLevel": {"executed_lines": [], "summary": {"covered_lines": 0, "num_statements": 0, "percent_covered": 100.0, "percent_covered_display": "100", "missing_lines": 0, "excluded_lines": 0, "percent_statements_covered": 100.0, "percent_statements_covered_display": "100"}, "missing_lines": [], "excluded_lines": [], "start_line": 330}, "ApprovalRequest": {"executed_lines": [], "summary": {"covered_lines": 0, "num_statements": 0, "percent_covered": 100.0, "percent_covered_display": "100", "missing_lines": 0, "excluded_lines": 0, "percent_statements_covered": 100.0, "percent_statements_covered_display": "100"}, "missing_lines": [], "excluded_lines": [], "start_line": 336}, "LoraMergeTask": {"executed_lines": [], "summary": {"covered_lines": 0, "num_statements": 0, "percent_covered": 100.0, "percent_covered_display": "100", "missing_lines": 0, "excluded_lines": 0, "percent_statements_covered": 100.0, "percent_statements_covered_display": "100"}, "missing_lines": [], "excluded_lines": [], "start_line": 352}, "DistributedTaskStatus": {"executed_lines": [], "summary": {"covered_lines": 0, "num_statements": 0, "percent_covered": 100.0, "percent_covered_display": "100", "missing_lines": 0, "excluded_lines": 0, "percent_statements_covered": 100.0, "percent_statements_covered_display": "100"}, "missing_lines": [], "excluded_lines": [], "start_line": 367}, "DistributedTask": {"executed_lines": [], "summary": {"covered_lines": 0, "num_statements": 0, "percent_covered": 100.0, "percent_covered_display": "100", "missing_lines": 0, "excluded_lines": 0, "percent_statements_covered": 100.0, "percent_statements_covered_display": "100"}, "missing_lines": [], "excluded_lines": [], "start_line": 375}, "GitLfsLock": {"executed_lines": [], "summary": {"covered_lines": 0, "num_statements": 0, "percent_covered": 100.0, "percent_covered_display": "100", "missing_lines": 0, "excluded_lines": 0, "percent_statements_covered": 100.0, "percent_statements_covered_display": "100"}, "missing_lines": [], "excluded_lines": [], "start_line": 390}, "ModelRating": {"executed_lines": [], "summary": {"covered_lines": 0, "num_statements": 0, "percent_covered": 100.0, "percent_covered_display": "100", "missing_lines": 0, "excluded_lines": 0, "percent_statements_covered": 100.0, "percent_statements_covered_display": "100"}, "missing_lines": [], "excluded_lines": [], "start_line": 400}, "ModelFavorite": {"executed_lines": [], "summary": {"covered_lines": 0, "num_statements": 0, "percent_covered": 100.0, "percent_covered_display": "100", "missing_lines": 0, "excluded_lines": 0, "percent_statements_covered": 100.0, "percent_statements_covered_display": "100"}, "missing_lines": [], "excluded_lines": [], "start_line": 413}, "BranchStatus": {"executed_lines": [], "summary": {"covered_lines": 0, "num_statements": 0, "percent_covered": 100.0, "percent_covered_display": "100", "missing_lines": 0, "excluded_lines": 0, "percent_statements_covered": 100.0, "percent_statements_covered_display": "100"}, "missing_lines": [], "excluded_lines": [], "start_line": 424}, "ModelBranch": {"executed_lines": [], "summary": {"covered_lines": 0, "num_statements": 0, "percent_covered": 100.0, "percent_covered_display": "100", "missing_lines": 0, "excluded_lines": 0, "percent_statements_covered": 100.0, "percent_statements_covered_display": "100"}, "missing_lines": [], "excluded_lines": [], "start_line": 430}, "": {"executed_lines": [1, 2, 3, 5, 6, 9, 10, 13, 14, 15, 16, 17, 18, 19, 20, 21, 24, 25, 26, 27, 28, 29, 32, 33, 34, 35, 36, 37, 38, 39, 40, 43, 44, 45, 46, 47, 48, 51, 52, 53, 54, 55, 56, 59, 60, 63, 64, 67, 68, 70, 71, 72, 73, 74, 75, 76, 77, 78, 79, 80, 81, 82, 83, 84, 85, 87, 90, 93, 96, 99, 104, 105, 107, 108, 109, 110, 111, 112, 113, 114, 115, 116, 117, 118, 119, 120, 121, 122, 123, 124, 125, 126, 128, 131, 132, 134, 135, 136, 137, 139, 142, 143, 144, 145, 146, 149, 150, 152, 153, 154, 155, 156, 157, 158, 159, 160, 161, 162, 165, 166, 167, 168, 171, 172, 174, 175, 176, 177, 178, 181, 182, 184, 185, 186, 187, 188, 189, 190, 191, 192, 193, 196, 197, 199, 200, 201, 202, 203, 204, 205, 206, 209, 210, 212, 213, 214, 215, 216, 217, 218, 221, 222, 223, 224, 225, 226, 227, 230, 231, 233, 234, 235, 236, 237, 238, 239, 240, 243, 244, 245, 246, 247, 250, 251, 253, 254, 255, 256, 257, 258, 259, 260, 261, 262, 263, 264, 267, 268, 269, 270, 271, 274, 275, 277, 278, 279, 280, 281, 282, 283, 284, 285, 286, 287, 290, 291, 292, 293, 294, 297, 298, 300, 301, 302, 303, 304, 305, 306, 307, 308, 311, 312, 314, 315, 316, 317, 318, 319, 320, 323, 324, 325, 326, 327, 330, 331, 332, 333, 336, 337, 339, 340, 341, 342, 343, 344, 345, 346, 347, 348, 349, 352, 353, 355, 356, 357, 358, 359, 360, 361, 362, 363, 364, 367, 368, 369, 370, 371, 372, 375, 376, 378, 379, 380, 381, 382, 385, 386, 387, 390, 391, 393, 394, 395, 396, 397, 400, 401, 403, 404, 405, 406, 407, 408, 410, 413, 414, 416, 417, 418, 419, 421, 424, 425, 426, 427, 430, 431, 433, 434, 435, 436, 437, 438, 439, 440, 441, 443], "summary": {"covered_lines": 328, "num_statements": 328, "percent_covered": 100.0, "percent_covered_display": "100", "missing_lines": 0, "excluded_lines": 0, "percent_statements_covered": 100.0, "percent_statements_covered_display": "100"}, "missing_lines": [], "excluded_lines": [], "start_line": 1}}}, "fusion_model_hub/manage/__init__.py": {"executed_lines": [], "summary": {"covered_lines": 0, "num_statements": 0, "percent_covered": 100.0, "percent_covered_display": "100", "missing_lines": 0, "excluded_lines": 0, "percent_statements_covered": 100.0, "percent_statements_covered_display": "100"}, "missing_lines": [], "excluded_lines": [], "functions": {"": {"executed_lines": [], "summary": {"covered_lines": 0, "num_statements": 0, "percent_covered": 100.0, "percent_covered_display": "100", "missing_lines": 0, "excluded_lines": 0, "percent_statements_covered": 100.0, "percent_statements_covered_display": "100"}, "missing_lines": [], "excluded_lines": [], "start_line": 1}}, "classes": {"": {"executed_lines": [], "summary": {"covered_lines": 0, "num_statements": 0, "percent_covered": 100.0, "percent_covered_display": "100", "missing_lines": 0, "excluded_lines": 0, "percent_statements_covered": 100.0, "percent_statements_covered_display": "100"}, "missing_lines": [], "excluded_lines": [], "start_line": 1}}}, "fusion_model_hub/manage/manager.py": {"executed_lines": [2, 4, 5, 6, 7, 9, 12, 18, 19, 21, 22, 23, 24, 26, 27, 28, 29, 30, 34, 35, 37, 41, 52, 54, 56, 58, 60, 62, 63, 65, 67, 68, 69, 70, 71, 72, 73, 74, 76, 78, 79, 80, 81, 82, 83, 84, 85, 87, 89, 90, 91, 92, 93, 94, 95, 96, 98], "summary": {"covered_lines": 57, "num_statements": 61, "percent_covered": 93.44262295081967, "percent_covered_display": "93", "missing_lines": 4, "excluded_lines": 0, "percent_statements_covered": 93.44262295081967, "percent_statements_covered_display": "93"}, "missing_lines": [20, 31, 32, 97], "excluded_lines": [], "functions": {"LocalModelManager.__init__": {"executed_lines": [19, 21, 22, 23, 24], "summary": {"covered_lines": 5, "num_statements": 6, "percent_covered": 83.33333333333333, "percent_covered_display": "83", "missing_lines": 1, "excluded_lines": 0, "percent_statements_covered": 83.33333333333333, "percent_statements_covered_display": "83"}, "missing_lines": [20], "excluded_lines": [], "start_line": 18}, "LocalModelManager._load_meta": {"executed_lines": [27, 28, 29, 30], "summary": {"covered_lines": 4, "num_statements": 6, "percent_covered": 66.66666666666667, "percent_covered_display": "67", "missing_lines": 2, "excluded_lines": 0, "percent_statements_covered": 66.66666666666667, "percent_statements_covered_display": "67"}, "missing_lines": [31, 32], "excluded_lines": [], "start_line": 26}, "LocalModelManager._save_meta": {"executed_lines": [35], "summary": {"covered_lines": 1, "num_statements": 1, "percent_covered": 100.0, "percent_covered_display": "100", "missing_lines": 0, "excluded_lines": 0, "percent_statements_covered": 100.0, "percent_statements_covered_display": "100"}, "missing_lines": [], "excluded_lines": [], "start_line": 34}, "LocalModelManager.register": {"executed_lines": [41, 52], "summary": {"covered_lines": 2, "num_statements": 2, "percent_covered": 100.0, "percent_covered_display": "100", "missing_lines": 0, "excluded_lines": 0, "percent_statements_covered": 100.0, "percent_statements_covered_display": "100"}, "missing_lines": [], "excluded_lines": [], "start_line": 37}, "LocalModelManager.unregister": {"executed_lines": [56], "summary": {"covered_lines": 1, "num_statements": 1, "percent_covered": 100.0, "percent_covered_display": "100", "missing_lines": 0, "excluded_lines": 0, "percent_statements_covered": 100.0, "percent_statements_covered_display": "100"}, "missing_lines": [], "excluded_lines": [], "start_line": 54}, "LocalModelManager.list": {"executed_lines": [60], "summary": {"covered_lines": 1, "num_statements": 1, "percent_covered": 100.0, "percent_covered_display": "100", "missing_lines": 0, "excluded_lines": 0, "percent_statements_covered": 100.0, "percent_statements_covered_display": "100"}, "missing_lines": [], "excluded_lines": [], "start_line": 58}, "LocalModelManager.get": {"executed_lines": [63], "summary": {"covered_lines": 1, "num_statements": 1, "percent_covered": 100.0, "percent_covered_display": "100", "missing_lines": 0, "excluded_lines": 0, "percent_statements_covered": 100.0, "percent_statements_covered_display": "100"}, "missing_lines": [], "excluded_lines": [], "start_line": 62}, "LocalModelManager.set_active": {"executed_lines": [67, 68, 69, 70, 71, 72, 73, 74], "summary": {"covered_lines": 8, "num_statements": 8, "percent_covered": 100.0, "percent_covered_display": "100", "missing_lines": 0, "excluded_lines": 0, "percent_statements_covered": 100.0, "percent_statements_covered_display": "100"}, "missing_lines": [], "excluded_lines": [], "start_line": 65}, "LocalModelManager.delete_model": {"executed_lines": [78, 79, 80, 81, 82, 83, 84, 85], "summary": {"covered_lines": 8, "num_statements": 8, "percent_covered": 100.0, "percent_covered_display": "100", "missing_lines": 0, "excluded_lines": 0, "percent_statements_covered": 100.0, "percent_statements_covered_display": "100"}, "missing_lines": [], "excluded_lines": [], "start_line": 76}, "LocalModelManager.get_stats": {"executed_lines": [89, 90, 91, 92, 93, 94, 95, 96, 98], "summary": {"covered_lines": 9, "num_statements": 10, "percent_covered": 90.0, "percent_covered_display": "90", "missing_lines": 1, "excluded_lines": 0, "percent_statements_covered": 90.0, "percent_statements_covered_display": "90"}, "missing_lines": [97], "excluded_lines": [], "start_line": 87}, "": {"executed_lines": [2, 4, 5, 6, 7, 9, 12, 18, 26, 34, 37, 54, 58, 62, 65, 76, 87
[...]
ents_covered": 92.0, "percent_statements_covered_display": "92"}, "missing_lines": [119, 120, 135, 136, 145, 146], "excluded_lines": [], "functions": {"submit_quantize": {"executed_lines": [28, 29, 30, 31, 38, 40, 44, 45, 46, 47], "summary": {"covered_lines": 10, "num_statements": 10, "percent_covered": 100.0, "percent_covered_display": "100", "missing_lines": 0, "excluded_lines": 0, "percent_statements_covered": 100.0, "percent_statements_covered_display": "100"}, "missing_lines": [], "excluded_lines": [], "start_line": 22}, "_run_quantize": {"executed_lines": [57, 58, 59, 60, 66, 67, 68, 70, 71, 72, 78, 80, 81, 82, 84, 85, 90, 91, 92, 94, 95, 107, 108, 109, 115, 116, 117, 118, 122, 123, 130, 131, 132, 133, 134, 137, 138, 139], "summary": {"covered_lines": 38, "num_statements": 44, "percent_covered": 86.36363636363636, "percent_covered_display": "86", "missing_lines": 6, "excluded_lines": 0, "percent_statements_covered": 86.36363636363636, "percent_statements_covered_display": "86"}, "missing_lines": [119, 120, 135, 136, 145, 146], "excluded_lines": [], "start_line": 50}, "get_task_status": {"executed_lines": [150, 151, 152, 153, 154, 155], "summary": {"covered_lines": 6, "num_statements": 6, "percent_covered": 100.0, "percent_covered_display": "100", "missing_lines": 0, "excluded_lines": 0, "percent_statements_covered": 100.0, "percent_statements_covered_display": "100"}, "missing_lines": [], "excluded_lines": [], "start_line": 149}, "list_running_tasks": {"executed_lines": [171], "summary": {"covered_lines": 1, "num_statements": 1, "percent_covered": 100.0, "percent_covered_display": "100", "missing_lines": 0, "excluded_lines": 0, "percent_statements_covered": 100.0, "percent_statements_covered_display": "100"}, "missing_lines": [], "excluded_lines": [], "start_line": 170}, "": {"executed_lines": [1, 2, 3, 5, 6, 13, 14, 15, 17, 19, 22, 50, 149, 170], "summary": {"covered_lines": 14, "num_statements": 14, "percent_covered": 100.0, "percent_covered_display": "100", "missing_lines": 0, "excluded_lines": 0, "percent_statements_covered": 100.0, "percent_statements_covered_display": "100"}, "missing_lines": [], "excluded_lines": [], "start_line": 1}}, "classes": {"": {"executed_lines": [1, 2, 3, 5, 6, 13, 14, 15, 17, 19, 22, 28, 29, 30, 31, 38, 40, 44, 45, 46, 47, 50, 57, 58, 59, 60, 66, 67, 68, 70, 71, 72, 78, 80, 81, 82, 84, 85, 90, 91, 92, 94, 95, 107, 108, 109, 115, 116, 117, 118, 122, 123, 130, 131, 132, 133, 134, 137, 138, 139, 149, 150, 151, 152, 153, 154, 155, 170, 171], "summary": {"covered_lines": 69, "num_statements": 75, "percent_covered": 92.0, "percent_covered_display": "92", "missing_lines": 6, "excluded_lines": 0, "percent_statements_covered": 92.0, "percent_statements_covered_display": "92"}, "missing_lines": [119, 120, 135, 136, 145, 146], "excluded_lines": [], "start_line": 1}}}, "fusion_model_hub/storage/__init__.py": {"executed_lines": [], "summary": {"covered_lines": 0, "num_statements": 0, "percent_covered": 100.0, "percent_covered_display": "100", "missing_lines": 0, "excluded_lines": 0, "percent_statements_covered": 100.0, "percent_statements_covered_display": "100"}, "missing_lines": [], "excluded_lines": [], "functions": {"": {"executed_lines": [], "summary": {"covered_lines": 0, "num_statements": 0, "percent_covered": 100.0, "percent_covered_display": "100", "missing_lines": 0, "excluded_lines": 0, "percent_statements_covered": 100.0, "percent_statements_covered_display": "100"}, "missing_lines": [], "excluded_lines": [], "start_line": 1}}, "classes": {"": {"executed_lines": [], "summary": {"covered_lines": 0, "num_statements": 0, "percent_covered": 100.0, "percent_covered_display": "100", "missing_lines": 0, "excluded_lines": 0, "percent_statements_covered": 100.0, "percent_statements_covered_display": "100"}, "missing_lines": [], "excluded_lines": [], "start_line": 1}}}, "fusion_model_hub/storage/base.py": {"executed_lines": [1, 2, 3, 4, 6, 9], "summary": {"covered_lines": 6, "num_statements": 6, "percent_covered": 100.0, "percent_covered_display": "100", "missing_lines": 0, "excluded_lines": 24, "percent_statements_covered": 100.0, "percent_statements_covered_display": "100"}, "missing_lines": [], "excluded_lines": [10, 11, 12, 13, 14, 15, 16, 17, 18, 19, 20, 21, 22, 23, 24, 25, 26, 27, 28, 29, 30, 31, 32, 33], "functions": {"StorageBackend.model_version_dir": {"executed_lines": [], "summary": {"covered_lines": 0, "num_statements": 0, "percent_covered": 100.0, "percent_covered_display": "100", "missing_lines": 0, "excluded_lines": 1, "percent_statements_covered": 100.0, "percent_statements_covered_display": "100"}, "missing_lines": [], "excluded_lines": [12], "start_line": 11}, "StorageBackend.write_file": {"executed_lines": [], "summary": {"covered_lines": 0, "num_statements": 0, "percent_covered": 100.0, "percent_covered_display": "100", "missing_lines": 0, "excluded_lines": 1, "percent_statements_covered": 100.0, "percent_statements_covered_display": "100"}, "missing_lines": [], "excluded_lines": [16], "start_line": 15}, "StorageBackend.get_file": {"executed_lines": [], "summary": {"covered_lines": 0, "num_statements": 0, "percent_covered": 100.0, "percent_covered_display": "100", "missing_lines": 0, "excluded_lines": 1, "percent_statements_covered": 100.0, "percent_statements_covered_display": "100"}, "missing_lines": [], "excluded_lines": [20], "start_line": 19}, "StorageBackend.delete_version_files": {"executed_lines": [], "summary": {"covered_lines": 0, "num_statements": 0, "percent_covered": 100.0, "percent_covered_display": "100", "missing_lines": 0, "excluded_lines": 1, "percent_statements_covered": 100.0, "percent_statements_covered_display": "100"}, "missing_lines": [], "excluded_lines": [24], "start_line": 23}, "StorageBackend.delete_model_files": {"executed_lines": [], "summary": {"covered_lines": 0, "num_statements": 0, "percent_covered": 100.0, "percent_covered_display": "100", "missing_lines": 0, "excluded_lines": 1, "percent_statements_covered": 100.0, "percent_statements_covered_display": "100"}, "missing_lines": [], "excluded_lines": [28], "start_line": 27}, "StorageBackend.get_storage_stats": {"executed_lines": [], "summary": {"covered_lines": 0, "num_statements": 0, "percent_covered": 100.0, "percent_covered_display": "100", "missing_lines": 0, "excluded_lines": 1, "percent_statements_covered": 100.0, "percent_statements_covered_display": "100"}, "missing_lines": [], "excluded_lines": [32], "start_line": 31}, "": {"executed_lines": [1, 2, 3, 4, 6, 9], "summary": {"covered_lines": 6, "num_statements": 6, "percent_covered": 100.0, "percent_covered_display": "100", "missing_lines": 0, "excluded_lines": 17, "percent_statements_covered": 100.0, "percent_statements_covered_display": "100"}, "missing_lines": [], "excluded_lines": [10, 11, 13, 14, 15, 17, 18, 19, 21, 22, 23, 25, 26, 27, 29, 30, 31], "start_line": 1}}, "classes": {"StorageBackend": {"executed_lines": [], "summary": {"covered_lines": 0, "num_statements": 0, "percent_covered": 100.0, "percent_covered_display": "100", "missing_lines": 0, "excluded_lines": 6, "percent_statements_covered": 100.0, "percent_statements_covered_display": "100"}, "missing_lines": [], "excluded_lines": [12, 16, 20, 24, 28, 32], "start_line": 9}, "": {"executed_lines": [1, 2, 3, 4, 6, 9], "summary": {"covered_lines": 6, "num_statements": 6, "percent_covered": 100.0, "percent_covered_display": "100", "missing_lines": 0, "excluded_lines": 17, "percent_statements_covered": 100.0, "percent_statements_covered_display": "100"}, "missing_lines": [], "excluded_lines": [10, 11, 13, 14, 15, 17, 18, 19, 21, 22, 23, 25, 26, 27, 29, 30, 31], "start_line": 1}}}, "fusion_model_hub/storage/local_store.py": {"executed_lines": [1, 2, 3, 4, 5, 7, 9, 11, 14, 17, 18, 19, 20, 21, 22, 23, 24, 26, 27, 28, 29, 31, 32, 33, 34, 36, 39, 40, 41, 42, 43, 45, 48, 49, 50, 51, 53, 54, 55, 56, 57, 58, 59, 60, 61, 63, 64, 65, 69, 71, 72, 73, 74, 75, 76, 78, 79, 80, 81, 82, 84, 85, 86, 87, 88, 92, 93, 94, 98, 100, 101, 102, 106, 108, 109, 110, 111, 112, 113, 114, 115, 116, 120, 122, 123, 124, 125, 126, 127, 128, 129, 130, 131, 132, 133, 134], "summary": {"covered_lines": 96, "num_statements": 104, "percent_covered": 92.3076923076923, "percent_covered_display": "92", "missing_lines": 8, "excluded_lines": 0, "percent_statements_covered": 92.3076923076923, "percent_statements_covered_display": "92"}, "missing_lines": [89, 90, 95, 96, 97, 103, 104, 105], "excluded_lines": [], "functions": {"LocalStore.__init__": {"executed_lines": [18, 19, 20, 21, 22, 23, 24], "summary": {"covered_lines": 7, "num_statements": 7, "percent_covered": 100.0, "percent_covered_display": "100", "missing_lines": 0, "excluded_lines": 0, "percent_statements_covered": 100.0, "percent_statements_covered_display": "100"}, "missing_lines": [], "excluded_lines": [], "start_line": 17}, "LocalStore.model_version_dir": {"executed_lines": [27, 28, 29], "summary": {"covered_lines": 3, "num_statements": 3, "percent_covered": 100.0, "percent_covered_display": "100", "missing_lines": 0, "excluded_lines": 0, "percent_statements_covered": 100.0, "percent_statements_covered_display": "100"}, "missing_lines": [], "excluded_lines": [], "start_line": 26}, "LocalStore.upload_tmp_dir": {"executed_lines": [32, 33, 34], "summary": {"covered_lines": 3, "num_statements": 3, "percent_covered": 100.0, "percent_covered_display": "100", "missing_lines": 0, "excluded_lines": 0, "percent_statements_covered": 100.0, "percent_statements_covered_display": "100"}, "missing_lines": [], "excluded_lines": [], "start_line": 31}, "LocalStore.write_chunk": {"executed_lines": [39, 40, 41, 42, 43], "summary": {"covered_lines": 5, "num_statements": 5, "percent_covered": 100.0, "percent_covered_display": "100", "missing_lines": 0, "excluded_lines": 0, "percent_statements_covered": 100.0, "percent_statements_covered_display": "100"}, "missing_lines": [], "excluded_lines": [], "start_line": 36}, "LocalStore.assemble_chunks": {"executed_lines": [48, 49, 50, 51, 53, 54, 55, 56, 57, 58, 59, 60, 61, 63, 64, 65, 69], "summary": {"covered_lines": 17, "num_statements": 17, "percent_covered": 100.0, "percent_covered_display": "100", "missing_lines": 0, "excluded_lines": 0, "percent_statements_covered": 100.0, "percent_statements_covered_display": "100"}, "missing_lines": [], "excluded_lines": [], "start_line": 45}, "LocalStore.write_file": {"executed_lines": [72, 73, 74, 75, 76], "summary": {"covered_lines": 5, "num_statements": 5, "percent_covered": 100.0, "percent_covered_display": "100", "missing_lines": 0, "excluded_lines": 0, "percent_statements_covered": 100.0, "percent_statements_covered_display": "100"}, "missing_lines": [], "excluded_lines": [], "start_line": 71}, "LocalStore.get_file": {"executed_lines": [79, 80, 81, 82], "summary": {"covered_lines": 4, "num_statements": 4, "percent_covered": 100.0, "percent_covered_display": "100", "missing_lines": 0, "excluded_lines": 0, "percent_statements_covered": 100.0, "percent_statements_covered_display": "100"}, "missing_lines": [], "excluded_lines": [], "start_line": 78}, "LocalStore.is_path_within_store": {"executed_lines": [85, 86, 87, 88], "summary": {"covered_lines": 4, "num_statements": 6, "percent_covered": 66.66666666666667, "percent_covered_display": "67", "missing_lines": 2, "excluded_lines": 0, "percent_statements_covered": 66.66666666666667, "percent_statements_covered_display": "67"}, "missing_lines": [89, 90], "excluded_lines": [], "start_line": 84}, "LocalStore.delete_version_files": {"executed_lines": [93, 94, 98], "summary": {"covered_lines": 3, "num_statements": 6, "percent_covered": 50.0, "percent_covered_display": "50", "missing_lines": 3, "excluded_lines": 0, "percent_statements_covered": 50.0, "percent_statements_covered_display": "50"}, "missing_lines": [95, 96, 97], "excluded_lines": [], "start_line": 92}, "LocalStore.delete_model_files": {"executed_lines": [101, 102, 106], "summary": {"covered_lines": 3, "num_statements": 6, "percent_covered": 50.0, "percent_covered_display": "50", "missing_lines": 3, "excluded_lines": 0, "percent_statements_covered": 50.0, "percent_statements_covered_display": "50"}, "missing_lines": [103, 104, 105], "excluded_lines": [], "start_line": 100}, "LocalStore.verify_hash": {"executed_lines": [110, 111, 112, 113, 114, 115, 116, 120], "summary": {"covered_lines": 8, "num_statements": 8, "percent_covered": 100.0, "percent_covered_display": "100", "missing_lines": 0, "excluded_lines": 0, "percent_statements_covered": 100.0, "percent_statements_covered_display": "100"}, "missing_lines": [], "excluded_lines": [], "start_line": 109}, "LocalStore.get_storage_stats": {"executed_lines": [123, 124, 125, 126, 127, 128, 129, 130, 131, 132, 133, 134], "summary": {"covered_lines": 12, "num_statements": 12, "percent_covered": 100.0, "percent_covered_display": "100", "missing_lines": 0, "excluded_lines": 0, "percent_statements_covered": 100.0, "percent_statements_covered_display": "100"}, "missing_lines": [], "excluded_lines": [], "start_line": 122}, "": {"executed_lines": [1, 2, 3, 4, 5, 7, 9, 11, 14, 17, 26, 31, 36, 45, 71, 78, 84, 92, 100, 108, 109, 122], "summary": {"covered_lines": 22, "num_statements": 22, "percent_covered": 100.0, "percent_covered_display": "100", "missing_lines": 0, "excluded_lines": 0, "percent_statements_covered": 100.0, "percent_statements_covered_display": "100"}, "missing_lines": [], "excluded_lines": [], "start_line": 1}}, "classes": {"LocalStore": {"executed_lines": [18, 19, 20, 21, 22, 23, 24, 27, 28, 29, 32, 33, 34, 39, 40, 41, 42, 43, 48, 49, 50, 51, 53, 54, 55, 56, 57, 58, 59, 60, 61, 63, 64, 65, 69, 72, 73, 74, 75, 76, 79, 80, 81, 82, 85, 86, 87, 88, 93, 94, 98, 101, 102, 106, 110, 111, 112, 113, 114, 115, 116, 120, 123, 124, 125, 126, 127, 128, 129, 130, 131, 132, 133, 134], "summary": {"covered_lines": 74, "num_statements": 82, "percent_covered": 90.2439024390244, "percent_covered_display": "90", "missing_lines": 8, "excluded_lines": 0, "percent_statements_covered": 90.2439024390244, "percent_statements_covered_display": "90"}, "missing_lines": [89, 90, 95, 96, 97, 103, 104, 105], "excluded_lines": [], "start_line": 14}, "": {"executed_lines": [1, 2, 3, 4, 5, 7, 9, 11, 14, 17, 26, 31, 36, 45, 71, 78, 84, 92, 100, 108, 109, 122], "summary": {"covered_lines": 22, "num_statements": 22, "percent_covered": 100.0, "percent_covered_display": "100", "missing_lines": 0, "excluded_lines": 0, "percent_statements_covered": 100.0, "percent_statements_covered_display": "100"}, "missing_lines": [], "excluded_lines": [], "start_line": 1}}}, "fusion_model_hub/storage/minio_store.py": {"executed_lines": [1, 2, 3, 4, 6, 8, 11, 12, 20, 21, 22, 23, 24, 25, 26, 28, 29, 30, 31, 32, 38, 39, 40, 41, 42, 46, 48, 49, 51, 52, 53, 54, 55, 59, 60, 61, 63, 64, 65, 66, 67, 68, 69, 71, 72, 73, 74, 75, 76, 77, 78, 79, 81, 82, 83, 84, 85, 88, 89, 91, 92, 93, 94, 95, 96, 97, 98, 99, 100, 101, 102, 103, 104], "summary": {"covered_lines": 73, "num_statements": 78, "percent_covered": 93.58974358974359, "percent_covered_display": "94", "missing_lines": 5, "excluded_lines": 0, "percent_statements_covered": 93.58974358974359, "percent_statements_covered_display": "94"}, "missing_lines": [43, 44, 45, 86, 87], "excluded_lines": [], "functions": {"MinioStore.__init__": {"executed_lines": [20, 21, 22, 23, 24, 25, 26], "summary": {"covered_lines": 7, "num_statements": 7, "percent_covered": 100.0, "percent_covered_display": "100", "missing_lines": 0, "excluded_lines": 0, "percent_statements_covered": 100.0, "percent_statements_covered_display": "100"}, "missing_lines": [], "excluded_lines": [], "start_line": 12}, "MinioStore._get_client": {"executed_lines": [29, 30, 31, 32, 38, 39, 40, 41, 42, 46], "summary": {"covered_lines": 10, "num_statements": 13, "percent_covered": 76.92307692307692, "percent_covered_display": "77", "missing_lines": 3, "excluded_lines": 0, "percent_statements_covered": 76.92307692307692, "percent_statements_covered_display": "77"}, "missing_lines": [43, 44, 45], "excluded_lines": [], "start_line": 28}, "MinioStore.model_version_dir": {"executed_lines": [49], "summary": {"covered_lines": 1, "num_statements": 1, "percent_covered": 100.0, "percent_covered_display": "100", "missing_lines": 0, "excluded_lines": 0, "percent_statements_covered": 100.0, "percent_statements_covered_display": "100"}, "missing_lines": [], "excluded_lines": [], "start_line": 48}, "MinioStore.write_file": {"executed_lines": [52, 53, 54, 55, 59, 60, 61], "summary": {"covered_lines": 7, "num_statements": 7, "percent_covered": 100.0, "percent_covered_display": "100", "missing_lines": 0, "excluded_lines": 0, "percent_statements_covered": 100.0, "percent_statements_covered_display": "100"}, "missing_lines": [], "excluded_lines": [], "start_line": 51}, "MinioStore.get_file": {"executed_lines": [64, 65, 66, 67, 68, 69], "summary": {"covered_lines": 6, "num_statements": 6, "percent_covered": 100.0, "percent_covered_display": "100", "missing_lines": 0, "excluded_lines": 0, "percent_statements_covered": 100.0, "percent_statements_covered_display": "100"}, "missing_lines": [], "excluded_lines": [], "start_line": 63}, "MinioStore.delete_version_files": {"executed_lines": [72, 73, 74, 75, 76, 77, 78, 79], "summary": {"covered_lines": 8, "num_statements": 8, "percent_covered": 100.0, "percent_covered_display": "100", "missing_lines": 0, "excluded_lines": 0, "percent_statements_covered": 100.0, "percent_statements_covered_display": "100"}, "missing_lines": [], "excluded_lines": [], "start_line": 71}, "MinioStore.delete_model_files": {"executed_lines": [82, 83, 84, 85, 88, 89], "summary": {"covered_lines": 6, "num_statements": 8, "percent_covered": 75.0, "percent_covered_display": "75", "missing_lines": 2, "excluded_lines": 0, "percent_statements_covered": 75.0, "percent_statements_covered_display": "75"}, "missing_lines": [86, 87], "excluded_lines": [], "start_line": 81}, "MinioStore.get_storage_stats": {"executed_lines": [92, 93, 94, 95, 96, 97, 98, 99, 100, 101, 102, 103, 104], "summary": {"covered_lines": 13, "num_statements": 13, "percent_covered": 100.0, "percent_covered_display": "100", "missing_lines": 0, "excluded_lines": 0, "percent_statements_covered": 100.0, "percent_statements_covered_display": "100"}, "missing_lines": [], "excluded_lines": [], "start_line": 91}, "": {"executed_lines": [1, 2, 3, 4, 6, 8, 11, 12, 28, 48, 51, 63, 71, 81, 91], "summary": {"covered_lines": 15, "num_statements": 15, "percent_covered": 100.0, "percent_covered_display": "100", "missing_lines": 0, "excluded_lines": 0, "percent_statements_covered": 100.0, "percent_statements_covered_display": "100"}, "missing_lines": [], "excluded_lines": [], "start_line": 1}}, "classes": {"MinioStore": {"executed_lines": [20, 21, 22, 23, 24, 25, 26, 29, 30, 31, 32, 38, 39, 40, 41, 42, 46, 49, 52, 53, 54, 55, 59, 60, 61, 64, 65, 66, 67, 68, 69, 72, 73, 74, 75, 76, 77, 78, 79, 82, 83, 84, 85, 88, 89, 92, 93, 94, 95, 96, 97, 98, 99, 100, 101, 102, 103, 104], "summary": {"covered_lines": 58, "num_statements": 63, "percent_covered": 92.06349206349206, "percent_covered_display": "92", "missing_lines": 5, "excluded_lines": 0, "percent_statements_covered": 92.06349206349206, "percent_statements_covered_display": "92"}, "missing_lines": [43, 44, 45, 86, 87], "excluded_lines": [], "start_line": 11}, "": {"executed_lines": [1, 2, 3, 4, 6, 8, 11, 12, 28, 48, 51, 63, 71, 81, 91], "summary": {"covered_lines": 15, "num_statements": 15, "percent_covered": 100.0, "percent_covered_display": "100", "missing_lines": 0, "excluded_lines": 0, "percent_statements_covered": 100.0, "percent_statements_covered_display": "100"}, "missing_lines": [], "excluded_lines": [], "start_line": 1}}}}, "totals": {"covered_lines": 4183, "num_statements": 4534, "percent_covered": 92.25849139832377, "percent_covered_display": "92", "missing_lines": 351, "excluded_lines": 24, "percent_statements_covered": 92.25849139832377, "percent_statements_covered_display": "92"}}